# JRE version: OpenJDK Runtime Environment (8.0_202-b03) (build 1.8.0_202-release-1483-b03)
# Java VM: OpenJDK 64-Bit Server VM (25.202-b03 mixed mode windows-amd64 compressed oops)
Heap:
 PSYoungGen      total 266752K, used 35557K [0x00000000e0000000, 0x00000000f5700000, 0x0000000100000000)
  eden space 239616K, 3% used [0x00000000e0000000,0x00000000e083b3a0,0x00000000eea00000)
  from space 27136K, 99% used [0x00000000f1300000,0x00000000f2d7e2d8,0x00000000f2d80000)
  to   space 41984K, 0% used [0x00000000eea00000,0x00000000eea00000,0x00000000f1300000)
 ParOldGen       total 151040K, used 90745K [0x00000000a0000000, 0x00000000a9380000, 0x00000000e0000000)
  object space 151040K, 60% used [0x00000000a0000000,0x00000000a589e7b0,0x00000000a9380000)
 Metaspace       used 77797K, capacity 80544K, committed 80792K, reserved 1120256K
  class space    used 10251K, capacity 10843K, committed 10920K, reserved 1048576K
GC Heap History (10 events):
Event: 5.199 GC heap before
{Heap before GC invocations=13 (full 3):
 PSYoungGen      total 211968K, used 17388K [0x00000000e0000000, 0x00000000eee80000, 0x0000000100000000)
  eden space 194560K, 0% used [0x00000000e0000000,0x00000000e0000000,0x00000000ebe00000)
  from space 17408K, 99% used [0x00000000ed400000,0x00000000ee4fb320,0x00000000ee500000)
  to   space 22528K, 0% used [0x00000000ebe00000,0x00000000ebe00000,0x00000000ed400000)
 ParOldGen       total 94720K, used 29824K [0x00000000a0000000, 0x00000000a5c80000, 0x00000000e0000000)
  object space 94720K, 31% used [0x00000000a0000000,0x00000000a1d20120,0x00000000a5c80000)
 Metaspace       used 57483K, capacity 59094K, committed 59160K, reserved 1099776K
  class space    used 7761K, capacity 8169K, committed 8232K, reserved 1048576K
Event: 5.342 GC heap after
Heap after GC invocations=13 (full 3):
 PSYoungGen      total 211968K, used 0K [0x00000000e0000000, 0x00000000eee80000, 0x0000000100000000)
  eden space 194560K, 0% used [0x00000000e0000000,0x00000000e0000000,0x00000000ebe00000)
  from space 17408K, 0% used [0x00000000ed400000,0x00000000ed400000,0x00000000ee500000)
  to   space 22528K, 0% used [0x00000000ebe00000,0x00000000ebe00000,0x00000000ed400000)
 ParOldGen       total 151040K, used 39718K [0x00000000a0000000, 0x00000000a9380000, 0x00000000e0000000)
  object space 151040K, 26% used [0x00000000a0000000,0x00000000a26c9880,0x00000000a9380000)
 Metaspace       used 57483K, capacity 59094K, committed 59160K, reserved 1099776K
  class space    used 7761K, capacity 8169K, committed 8232K, reserved 1048576K
}
Event: 6.620 GC heap before
{Heap before GC invocations=14 (full 3):
 PSYoungGen      total 211968K, used 194560K [0x00000000e0000000, 0x00000000eee80000, 0x0000000100000000)
  eden space 194560K, 100% used [0x00000000e0000000,0x00000000ebe00000,0x00000000ebe00000)
  from space 17408K, 0% used [0x00000000ed400000,0x00000000ed400000,0x00000000ee500000)
  to   space 22528K, 0% used [0x00000000ebe00000,0x00000000ebe00000,0x00000000ed400000)
 ParOldGen       total 151040K, used 39718K [0x00000000a0000000, 0x00000000a9380000, 0x00000000e0000000)
  object space 151040K, 26% used [0x00000000a0000000,0x00000000a26c9880,0x00000000a9380000)
 Metaspace       used 63028K, capacity 65334K, committed 65560K, reserved 1105920K
  class space    used 8472K, capacity 8979K, committed 9000K, reserved 1048576K
Event: 6.634 GC heap after
Heap after GC invocations=14 (full 3):
 PSYoungGen      total 217088K, used 16579K [0x00000000e0000000, 0x00000000f0f80000, 0x0000000100000000)
  eden space 194560K, 0% used [0x00000000e0000000,0x00000000e0000000,0x00000000ebe00000)
  from space 22528K, 73% used [0x00000000ebe00000,0x00000000ece30c68,0x00000000ed400000)
  to   space 23552K, 0% used [0x00000000ef880000,0x00000000ef880000,0x00000000f0f80000)
 ParOldGen       total 151040K, used 39726K [0x00000000a0000000, 0x00000000a9380000, 0x00000000e0000000)
  object space 151040K, 26% used [0x00000000a0000000,0x00000000a26cb880,0x00000000a9380000)
 Metaspace       used 63028K, capacity 65334K, committed 65560K, reserved 1105920K
  class space    used 8472K, capacity 8979K, committed 9000K, reserved 1048576K
}
Event: 12.518 GC heap before
{Heap before GC invocations=15 (full 3):
 PSYoungGen      total 217088K, used 211139K [0x00000000e0000000, 0x00000000f0f80000, 0x0000000100000000)
  eden space 194560K, 100% used [0x00000000e0000000,0x00000000ebe00000,0x00000000ebe00000)
  from space 22528K, 73% used [0x00000000ebe00000,0x00000000ece30c68,0x00000000ed400000)
  to   space 23552K, 0% used [0x00000000ef880000,0x00000000ef880000,0x00000000f0f80000)
 ParOldGen       total 151040K, used 39726K [0x00000000a0000000, 0x00000000a9380000, 0x00000000e0000000)
  object space 151040K, 26% used [0x00000000a0000000,0x00000000a26cb880,0x00000000a9380000)
 Metaspace       used 67079K, capacity 69476K, committed 69656K, reserved 1110016K
  class space    used 8968K, capacity 9496K, committed 9512K, reserved 1048576K
Event: 12.536 GC heap after
Heap after GC invocations=15 (full 3):
 PSYoungGen      total 248832K, used 23521K [0x00000000e0000000, 0x00000000f1100000, 0x0000000100000000)
  eden space 225280K, 0% used [0x00000000e0000000,0x00000000e0000000,0x00000000edc00000)
  from space 23552K, 99% used [0x00000000ef880000,0x00000000f0f78720,0x00000000f0f80000)
  to   space 27136K, 0% used [0x00000000edc00000,0x00000000edc00000,0x00000000ef680000)
 ParOldGen       total 151040K, used 40503K [0x00000000a0000000, 0x00000000a9380000, 0x00000000e0000000)
  object space 151040K, 26% used [0x00000000a0000000,0x00000000a278dc10,0x00000000a9380000)
 Metaspace       used 67079K, capacity 69476K, committed 69656K, reserved 1110016K
  class space    used 8968K, capacity 9496K, committed 9512K, reserved 1048576K
}
Event: 37.524 GC heap before
{Heap before GC invocations=16 (full 3):
 PSYoungGen      total 248832K, used 248801K [0x00000000e0000000, 0x00000000f1100000, 0x0000000100000000)
  eden space 225280K, 100% used [0x00000000e0000000,0x00000000edc00000,0x00000000edc00000)
  from space 23552K, 99% used [0x00000000ef880000,0x00000000f0f78720,0x00000000f0f80000)
  to   space 27136K, 0% used [0x00000000edc00000,0x00000000edc00000,0x00000000ef680000)
 ParOldGen       total 151040K, used 40503K [0x00000000a0000000, 0x00000000a9380000, 0x00000000e0000000)
  object space 151040K, 26% used [0x00000000a0000000,0x00000000a278dc10,0x00000000a9380000)
 Metaspace       used 73516K, capacity 76224K, committed 76568K, reserved 1116160K
  class space    used 9901K, capacity 10491K, committed 10536K, reserved 1048576K
Event: 37.555 GC heap after
Heap after GC invocations=16 (full 3):
 PSYoungGen      total 252416K, used 16796K [0x00000000e0000000, 0x00000000f2d80000, 0x0000000100000000)
  eden space 225280K, 0% used [0x00000000e0000000,0x00000000e0000000,0x00000000edc00000)
  from space 27136K, 61% used [0x00000000edc00000,0x00000000eec67358,0x00000000ef680000)
  to   space 27136K, 0% used [0x00000000f1300000,0x00000000f1300000,0x00000000f2d80000)
 ParOldGen       total 151040K, used 61304K [0x00000000a0000000, 0x00000000a9380000, 0x00000000e0000000)
  object space 151040K, 40% used [0x00000000a0000000,0x00000000a3bde330,0x00000000a9380000)
 Metaspace       used 73516K, capacity 76224K, committed 76568K, reserved 1116160K
  class space    used 9901K, capacity 10491K, committed 10536K, reserved 1048576K
}
Event: 38.707 GC heap before
{Heap before GC invocations=17 (full 3):
 PSYoungGen      total 252416K, used 242076K [0x00000000e0000000, 0x00000000f2d80000, 0x0000000100000000)
  eden space 225280K, 100% used [0x00000000e0000000,0x00000000edc00000,0x00000000edc00000)
  from space 27136K, 61% used [0x00000000edc00000,0x00000000eec67358,0x00000000ef680000)
  to   space 27136K, 0% used [0x00000000f1300000,0x00000000f1300000,0x00000000f2d80000)
 ParOldGen       total 151040K, used 61304K [0x00000000a0000000, 0x00000000a9380000, 0x00000000e0000000)
  object space 151040K, 40% used [0x00000000a0000000,0x00000000a3bde330,0x00000000a9380000)
 Metaspace       used 77678K, capacity 80416K, committed 80792K, reserved 1120256K
  class space    used 10251K, capacity 10843K, committed 10920K, reserved 1048576K
Event: 38.749 GC heap after
Heap after GC invocations=17 (full 3):
 PSYoungGen      total 266752K, used 27128K [0x00000000e0000000, 0x00000000f5700000, 0x0000000100000000)
  eden space 239616K, 0% used [0x00000000e0000000,0x00000000e0000000,0x00000000eea00000)
  from space 27136K, 99% used [0x00000000f1300000,0x00000000f2d7e2d8,0x00000000f2d80000)
  to   space 41984K, 0% used [0x00000000eea00000,0x00000000eea00000,0x00000000f1300000)
 ParOldGen       total 151040K, used 90745K [0x00000000a0000000, 0x00000000a9380000, 0x00000000e0000000)
  object space 151040K, 60% used [0x00000000a0000000,0x00000000a589e7b0,0x00000000a9380000)
 Metaspace       used 77678K, capacity 80416K, committed 80792K, reserved 1120256K
  class space    used 10251K, capacity 10843K, committed 10920K, reserved 1048576K
}

