# JRE version: OpenJDK Runtime Environment (8.0_202-b03) (build 1.8.0_202-release-1483-b03)
# Java VM: OpenJDK 64-Bit Server VM (25.202-b03 mixed mode windows-amd64 compressed oops)
Heap:
 PSYoungGen      total 387072K, used 34422K [0x00000000d6200000, 0x00000000f4180000, 0x0000000100000000)
  eden space 338944K, 7% used [0x00000000d6200000,0x00000000d7c675f0,0x00000000ead00000)
  from space 48128K, 15% used [0x00000000ead00000,0x00000000eb436530,0x00000000edc00000)
  to   space 47616K, 0% used [0x00000000f1300000,0x00000000f1300000,0x00000000f4180000)
 ParOldGen       total 191488K, used 131762K [0x0000000082600000, 0x000000008e100000, 0x00000000d6200000)
  object space 191488K, 68% used [0x0000000082600000,0x000000008a6ac948,0x000000008e100000)
 Metaspace       used 68640K, capacity 70482K, committed 70784K, reserved 1112064K
  class space    used 7786K, capacity 8206K, committed 8320K, reserved 1048576K
GC Heap History (10 events):
Event: 46.136 GC heap before
{Heap before GC invocations=16 (full 3):
 PSYoungGen      total 249856K, used 212992K [0x00000000d6200000, 0x00000000e7c00000, 0x0000000100000000)
  eden space 212992K, 100% used [0x00000000d6200000,0x00000000e3200000,0x00000000e3200000)
  from space 36864K, 0% used [0x00000000e5680000,0x00000000e5680000,0x00000000e7a80000)
  to   space 37376K, 0% used [0x00000000e3200000,0x00000000e3200000,0x00000000e5680000)
 ParOldGen       total 191488K, used 82040K [0x0000000082600000, 0x000000008e100000, 0x00000000d6200000)
  object space 191488K, 42% used [0x0000000082600000,0x000000008761e350,0x000000008e100000)
 Metaspace       used 58653K, capacity 60224K, committed 60440K, reserved 1101824K
  class space    used 7052K, capacity 7437K, committed 7552K, reserved 1048576K
Event: 46.151 GC heap after
Heap after GC invocations=16 (full 3):
 PSYoungGen      total 250368K, used 12772K [0x00000000d6200000, 0x00000000eb400000, 0x0000000100000000)
  eden space 212992K, 0% used [0x00000000d6200000,0x00000000d6200000,0x00000000e3200000)
  from space 37376K, 34% used [0x00000000e3200000,0x00000000e3e792b8,0x00000000e5680000)
  to   space 35840K, 0% used [0x00000000e9100000,0x00000000e9100000,0x00000000eb400000)
 ParOldGen       total 191488K, used 82048K [0x0000000082600000, 0x000000008e100000, 0x00000000d6200000)
  object space 191488K, 42% used [0x0000000082600000,0x0000000087620350,0x000000008e100000)
 Metaspace       used 58653K, capacity 60224K, committed 60440K, reserved 1101824K
  class space    used 7052K, capacity 7437K, committed 7552K, reserved 1048576K
}
Event: 47.901 GC heap before
{Heap before GC invocations=17 (full 3):
 PSYoungGen      total 250368K, used 225764K [0x00000000d6200000, 0x00000000eb400000, 0x0000000100000000)
  eden space 212992K, 100% used [0x00000000d6200000,0x00000000e3200000,0x00000000e3200000)
  from space 37376K, 34% used [0x00000000e3200000,0x00000000e3e792b8,0x00000000e5680000)
  to   space 35840K, 0% used [0x00000000e9100000,0x00000000e9100000,0x00000000eb400000)
 ParOldGen       total 191488K, used 82048K [0x0000000082600000, 0x000000008e100000, 0x00000000d6200000)
  object space 191488K, 42% used [0x0000000082600000,0x0000000087620350,0x000000008e100000)
 Metaspace       used 59007K, capacity 60556K, committed 60696K, reserved 1101824K
  class space    used 7052K, capacity 7437K, committed 7552K, reserved 1048576K
Event: 47.926 GC heap after
Heap after GC invocations=17 (full 3):
 PSYoungGen      total 305152K, used 19904K [0x00000000d6200000, 0x00000000eb100000, 0x0000000100000000)
  eden space 272384K, 0% used [0x00000000d6200000,0x00000000d6200000,0x00000000e6c00000)
  from space 32768K, 60% used [0x00000000e9100000,0x00000000ea470040,0x00000000eb100000)
  to   space 35328K, 0% used [0x00000000e6c00000,0x00000000e6c00000,0x00000000e8e80000)
 ParOldGen       total 191488K, used 93830K [0x0000000082600000, 0x000000008e100000, 0x00000000d6200000)
  object space 191488K, 49% used [0x0000000082600000,0x00000000881a1970,0x000000008e100000)
 Metaspace       used 59007K, capacity 60556K, committed 60696K, reserved 1101824K
  class space    used 7052K, capacity 7437K, committed 7552K, reserved 1048576K
}
Event: 49.873 GC heap before
{Heap before GC invocations=18 (full 3):
 PSYoungGen      total 305152K, used 292288K [0x00000000d6200000, 0x00000000eb100000, 0x0000000100000000)
  eden space 272384K, 100% used [0x00000000d6200000,0x00000000e6c00000,0x00000000e6c00000)
  from space 32768K, 60% used [0x00000000e9100000,0x00000000ea470040,0x00000000eb100000)
  to   space 35328K, 0% used [0x00000000e6c00000,0x00000000e6c00000,0x00000000e8e80000)
 ParOldGen       total 191488K, used 93830K [0x0000000082600000, 0x000000008e100000, 0x00000000d6200000)
  object space 191488K, 49% used [0x0000000082600000,0x00000000881a1970,0x000000008e100000)
 Metaspace       used 60070K, capacity 61668K, committed 61824K, reserved 1103872K
  class space    used 7126K, capacity 7505K, committed 7552K, reserved 1048576K
Event: 49.900 GC heap after
Heap after GC invocations=18 (full 3):
 PSYoungGen      total 307712K, used 35159K [0x00000000d6200000, 0x00000000f0380000, 0x0000000100000000)
  eden space 272384K, 0% used [0x00000000d6200000,0x00000000d6200000,0x00000000e6c00000)
  from space 35328K, 99% used [0x00000000e6c00000,0x00000000e8e55ea8,0x00000000e8e80000)
  to   space 40448K, 0% used [0x00000000edc00000,0x00000000edc00000,0x00000000f0380000)
 ParOldGen       total 191488K, used 93838K [0x0000000082600000, 0x000000008e100000, 0x00000000d6200000)
  object space 191488K, 49% used [0x0000000082600000,0x00000000881a3970,0x000000008e100000)
 Metaspace       used 60070K, capacity 61668K, committed 61824K, reserved 1103872K
  class space    used 7126K, capacity 7505K, committed 7552K, reserved 1048576K
}
Event: 52.334 GC heap before
{Heap before GC invocations=19 (full 3):
 PSYoungGen      total 307712K, used 307543K [0x00000000d6200000, 0x00000000f0380000, 0x0000000100000000)
  eden space 272384K, 100% used [0x00000000d6200000,0x00000000e6c00000,0x00000000e6c00000)
  from space 35328K, 99% used [0x00000000e6c00000,0x00000000e8e55ea8,0x00000000e8e80000)
  to   space 40448K, 0% used [0x00000000edc00000,0x00000000edc00000,0x00000000f0380000)
 ParOldGen       total 191488K, used 93838K [0x0000000082600000, 0x000000008e100000, 0x00000000d6200000)
  object space 191488K, 49% used [0x0000000082600000,0x00000000881a3970,0x000000008e100000)
 Metaspace       used 67653K, capacity 69450K, committed 69760K, reserved 1110016K
  class space    used 7768K, capacity 8198K, committed 8320K, reserved 1048576K
Event: 52.377 GC heap after
Heap after GC invocations=19 (full 3):
 PSYoungGen      total 379392K, used 40422K [0x00000000d6200000, 0x00000000f1300000, 0x0000000100000000)
  eden space 338944K, 0% used [0x00000000d6200000,0x00000000d6200000,0x00000000ead00000)
  from space 40448K, 99% used [0x00000000edc00000,0x00000000f03798c8,0x00000000f0380000)
  to   space 48128K, 0% used [0x00000000ead00000,0x00000000ead00000,0x00000000edc00000)
 ParOldGen       total 191488K, used 98649K [0x0000000082600000, 0x000000008e100000, 0x00000000d6200000)
  object space 191488K, 51% used [0x0000000082600000,0x00000000886564d0,0x000000008e100000)
 Metaspace       used 67653K, capacity 69450K, committed 69760K, reserved 1110016K
  class space    used 7768K, capacity 8198K, committed 8320K, reserved 1048576K
}
Event: 56.440 GC heap before
{Heap before GC invocations=20 (full 3):
 PSYoungGen      total 379392K, used 379366K [0x00000000d6200000, 0x00000000f1300000, 0x0000000100000000)
  eden space 338944K, 100% used [0x00000000d6200000,0x00000000ead00000,0x00000000ead00000)
  from space 40448K, 99% used [0x00000000edc00000,0x00000000f03798c8,0x00000000f0380000)
  to   space 48128K, 0% used [0x00000000ead00000,0x00000000ead00000,0x00000000edc00000)
 ParOldGen       total 191488K, used 98649K [0x0000000082600000, 0x000000008e100000, 0x00000000d6200000)
  object space 191488K, 51% used [0x0000000082600000,0x00000000886564d0,0x000000008e100000)
 Metaspace       used 68618K, capacity 70470K, committed 70784K, reserved 1112064K
  class space    used 7786K, capacity 8206K, committed 8320K, reserved 1048576K
Event: 56.470 GC heap after
Heap after GC invocations=20 (full 3):
 PSYoungGen      total 387072K, used 7385K [0x00000000d6200000, 0x00000000f4180000, 0x0000000100000000)
  eden space 338944K, 0% used [0x00000000d6200000,0x00000000d6200000,0x00000000ead00000)
  from space 48128K, 15% used [0x00000000ead00000,0x00000000eb436530,0x00000000edc00000)
  to   space 47616K, 0% used [0x00000000f1300000,0x00000000f1300000,0x00000000f4180000)
 ParOldGen       total 191488K, used 131762K [0x0000000082600000, 0x000000008e100000, 0x00000000d6200000)
  object space 191488K, 68% used [0x0000000082600000,0x000000008a6ac948,0x000000008e100000)
 Metaspace       used 68618K, capacity 70470K, committed 70784K, reserved 1112064K
  class space    used 7786K, capacity 8206K, committed 8320K, reserved 1048576K
}

