# JRE version: OpenJDK Runtime Environment (8.0_202-b03) (build 1.8.0_202-release-1483-b03)
# Java VM: OpenJDK 64-Bit Server VM (25.202-b03 mixed mode windows-amd64 compressed oops)
Heap:
 PSYoungGen      total 331264K, used 62475K [0x00000000d6200000, 0x00000000f2b80000, 0x0000000100000000)
  eden space 274432K, 2% used [0x00000000d6200000,0x00000000d678a538,0x00000000e6e00000)
  from space 56832K, 99% used [0x00000000e6e00000,0x00000000ea5789e0,0x00000000ea580000)
  to   space 65536K, 0% used [0x00000000eeb80000,0x00000000eeb80000,0x00000000f2b80000)
 ParOldGen       total 209920K, used 85902K [0x0000000082600000, 0x000000008f300000, 0x00000000d6200000)
  object space 209920K, 40% used [0x0000000082600000,0x00000000879e38f0,0x000000008f300000)
 Metaspace       used 67420K, capacity 69238K, committed 69504K, reserved 1110016K
  class space    used 7757K, capacity 8194K, committed 8320K, reserved 1048576K
GC Heap History (10 events):
Event: 9.069 GC heap before
{Heap before GC invocations=12 (full 3):
 PSYoungGen      total 241664K, used 36569K [0x00000000d6200000, 0x00000000eaf80000, 0x0000000100000000)
  eden space 194048K, 0% used [0x00000000d6200000,0x00000000d6200000,0x00000000e1f80000)
  from space 47616K, 76% used [0x00000000e1f80000,0x00000000e4336590,0x00000000e4e00000)
  to   space 50688K, 0% used [0x00000000e7e00000,0x00000000e7e00000,0x00000000eaf80000)
 ParOldGen       total 112640K, used 68455K [0x0000000082600000, 0x0000000089400000, 0x00000000d6200000)
  object space 112640K, 60% used [0x0000000082600000,0x00000000868d9f50,0x0000000089400000)
 Metaspace       used 57550K, capacity 59156K, committed 59160K, reserved 1101824K
  class space    used 6916K, capacity 7295K, committed 7296K, reserved 1048576K
Event: 9.292 GC heap after
Heap after GC invocations=12 (full 3):
 PSYoungGen      total 241664K, used 0K [0x00000000d6200000, 0x00000000eaf80000, 0x0000000100000000)
  eden space 194048K, 0% used [0x00000000d6200000,0x00000000d6200000,0x00000000e1f80000)
  from space 47616K, 0% used [0x00000000e1f80000,0x00000000e1f80000,0x00000000e4e00000)
  to   space 50688K, 0% used [0x00000000e7e00000,0x00000000e7e00000,0x00000000eaf80000)
 ParOldGen       total 209920K, used 85200K [0x0000000082600000, 0x000000008f300000, 0x00000000d6200000)
  object space 209920K, 40% used [0x0000000082600000,0x0000000087934238,0x000000008f300000)
 Metaspace       used 57550K, capacity 59156K, committed 59160K, reserved 1101824K
  class space    used 6916K, capacity 7295K, committed 7296K, reserved 1048576K
}
Event: 11.275 GC heap before
{Heap before GC invocations=13 (full 3):
 PSYoungGen      total 241664K, used 194048K [0x00000000d6200000, 0x00000000eaf80000, 0x0000000100000000)
  eden space 194048K, 100% used [0x00000000d6200000,0x00000000e1f80000,0x00000000e1f80000)
  from space 47616K, 0% used [0x00000000e1f80000,0x00000000e1f80000,0x00000000e4e00000)
  to   space 50688K, 0% used [0x00000000e7e00000,0x00000000e7e00000,0x00000000eaf80000)
 ParOldGen       total 209920K, used 85200K [0x0000000082600000, 0x000000008f300000, 0x00000000d6200000)
  object space 209920K, 40% used [0x0000000082600000,0x0000000087934238,0x000000008f300000)
 Metaspace       used 58616K, capacity 60216K, committed 60440K, reserved 1101824K
  class space    used 7050K, capacity 7437K, committed 7552K, reserved 1048576K
Event: 11.288 GC heap after
Heap after GC invocations=13 (full 3):
 PSYoungGen      total 277504K, used 11673K [0x00000000d6200000, 0x00000000ea880000, 0x0000000100000000)
  eden space 233984K, 0% used [0x00000000d6200000,0x00000000d6200000,0x00000000e4680000)
  from space 43520K, 26% used [0x00000000e7e00000,0x00000000e8966648,0x00000000ea880000)
  to   space 50176K, 0% used [0x00000000e4680000,0x00000000e4680000,0x00000000e7780000)
 ParOldGen       total 209920K, used 85208K [0x0000000082600000, 0x000000008f300000, 0x00000000d6200000)
  object space 209920K, 40% used [0x0000000082600000,0x0000000087936238,0x000000008f300000)
 Metaspace       used 58616K, capacity 60216K, committed 60440K, reserved 1101824K
  class space    used 7050K, capacity 7437K, committed 7552K, reserved 1048576K
}
Event: 13.239 GC heap before
{Heap before GC invocations=14 (full 3):
 PSYoungGen      total 277504K, used 245657K [0x00000000d6200000, 0x00000000ea880000, 0x0000000100000000)
  eden space 233984K, 100% used [0x00000000d6200000,0x00000000e4680000,0x00000000e4680000)
  from space 43520K, 26% used [0x00000000e7e00000,0x00000000e8966648,0x00000000ea880000)
  to   space 50176K, 0% used [0x00000000e4680000,0x00000000e4680000,0x00000000e7780000)
 ParOldGen       total 209920K, used 85208K [0x0000000082600000, 0x000000008f300000, 0x00000000d6200000)
  object space 209920K, 40% used [0x0000000082600000,0x0000000087936238,0x000000008f300000)
 Metaspace       used 58987K, capacity 60548K, committed 60696K, reserved 1101824K
  class space    used 7051K, capacity 7437K, committed 7552K, reserved 1048576K
Event: 13.264 GC heap after
Heap after GC invocations=14 (full 3):
 PSYoungGen      total 284160K, used 32020K [0x00000000d6200000, 0x00000000ed780000, 0x0000000100000000)
  eden space 233984K, 0% used [0x00000000d6200000,0x00000000d6200000,0x00000000e4680000)
  from space 50176K, 63% used [0x00000000e4680000,0x00000000e65c52c0,0x00000000e7780000)
  to   space 51200K, 0% used [0x00000000ea580000,0x00000000ea580000,0x00000000ed780000)
 ParOldGen       total 209920K, used 85216K [0x0000000082600000, 0x000000008f300000, 0x00000000d6200000)
  object space 209920K, 40% used [0x0000000082600000,0x0000000087938238,0x000000008f300000)
 Metaspace       used 58987K, capacity 60548K, committed 60696K, reserved 1101824K
  class space    used 7051K, capacity 7437K, committed 7552K, reserved 1048576K
}
Event: 15.005 GC heap before
{Heap before GC invocations=15 (full 3):
 PSYoungGen      total 284160K, used 266004K [0x00000000d6200000, 0x00000000ed780000, 0x0000000100000000)
  eden space 233984K, 100% used [0x00000000d6200000,0x00000000e4680000,0x00000000e4680000)
  from space 50176K, 63% used [0x00000000e4680000,0x00000000e65c52c0,0x00000000e7780000)
  to   space 51200K, 0% used [0x00000000ea580000,0x00000000ea580000,0x00000000ed780000)
 ParOldGen       total 209920K, used 85216K [0x0000000082600000, 0x000000008f300000, 0x00000000d6200000)
  object space 209920K, 40% used [0x0000000082600000,0x0000000087938238,0x000000008f300000)
 Metaspace       used 59977K, capacity 61532K, committed 61824K, reserved 1103872K
  class space    used 7120K, capacity 7505K, committed 7552K, reserved 1048576K
Event: 15.048 GC heap after
Heap after GC invocations=15 (full 3):
 PSYoungGen      total 325632K, used 46140K [0x00000000d6200000, 0x00000000ee680000, 0x0000000100000000)
  eden space 274432K, 0% used [0x00000000d6200000,0x00000000d6200000,0x00000000e6e00000)
  from space 51200K, 90% used [0x00000000ea580000,0x00000000ed28f0e8,0x00000000ed780000)
  to   space 56832K, 0% used [0x00000000e6e00000,0x00000000e6e00000,0x00000000ea580000)
 ParOldGen       total 209920K, used 85224K [0x0000000082600000, 0x000000008f300000, 0x00000000d6200000)
  object space 209920K, 40% used [0x0000000082600000,0x000000008793a238,0x000000008f300000)
 Metaspace       used 59977K, capacity 61532K, committed 61824K, reserved 1103872K
  class space    used 7120K, capacity 7505K, committed 7552K, reserved 1048576K
}
Event: 17.002 GC heap before
{Heap before GC invocations=16 (full 3):
 PSYoungGen      total 325632K, used 320572K [0x00000000d6200000, 0x00000000ee680000, 0x0000000100000000)
  eden space 274432K, 100% used [0x00000000d6200000,0x00000000e6e00000,0x00000000e6e00000)
  from space 51200K, 90% used [0x00000000ea580000,0x00000000ed28f0e8,0x00000000ed780000)
  to   space 56832K, 0% used [0x00000000e6e00000,0x00000000e6e00000,0x00000000ea580000)
 ParOldGen       total 209920K, used 85224K [0x0000000082600000, 0x000000008f300000, 0x00000000d6200000)
  object space 209920K, 40% used [0x0000000082600000,0x000000008793a238,0x000000008f300000)
 Metaspace       used 67406K, capacity 69238K, committed 69504K, reserved 1110016K
  class space    used 7757K, capacity 8194K, committed 8320K, reserved 1048576K
Event: 17.054 GC heap after
Heap after GC invocations=16 (full 3):
 PSYoungGen      total 331264K, used 56802K [0x00000000d6200000, 0x00000000f2b80000, 0x0000000100000000)
  eden space 274432K, 0% used [0x00000000d6200000,0x00000000d6200000,0x00000000e6e00000)
  from space 56832K, 99% used [0x00000000e6e00000,0x00000000ea5789e0,0x00000000ea580000)
  to   space 65536K, 0% used [0x00000000eeb80000,0x00000000eeb80000,0x00000000f2b80000)
 ParOldGen       total 209920K, used 85902K [0x0000000082600000, 0x000000008f300000, 0x00000000d6200000)
  object space 209920K, 40% used [0x0000000082600000,0x00000000879e38f0,0x000000008f300000)
 Metaspace       used 67406K, capacity 69238K, committed 69504K, reserved 1110016K
  class space    used 7757K, capacity 8194K, committed 8320K, reserved 1048576K
}

