# JRE version: OpenJDK Runtime Environment (8.0_202-b03) (build 1.8.0_202-release-1483-b03)
# Java VM: OpenJDK 64-Bit Server VM (25.202-b03 mixed mode windows-amd64 compressed oops)
Heap:
 PSYoungGen      total 441344K, used 120889K [0x00000000e0000000, 0x00000000fda80000, 0x0000000100000000)
  eden space 396800K, 21% used [0x00000000e0000000,0x00000000e52edbb0,0x00000000f8380000)
  from space 44544K, 80% used [0x00000000f8380000,0x00000000fa6a0a50,0x00000000faf00000)
  to   space 39936K, 0% used [0x00000000fb380000,0x00000000fb380000,0x00000000fda80000)
 ParOldGen       total 203264K, used 96664K [0x00000000a0000000, 0x00000000ac680000, 0x00000000e0000000)
  object space 203264K, 47% used [0x00000000a0000000,0x00000000a5e66098,0x00000000ac680000)
 Metaspace       used 121658K, capacity 127798K, committed 127872K, reserved 1161216K
  class space    used 15810K, capacity 17005K, committed 17024K, reserved 1048576K
GC Heap History (10 events):
Event: 207.093 GC heap before
{Heap before GC invocations=21 (full 4):
 PSYoungGen      total 326144K, used 291840K [0x00000000e0000000, 0x00000000f8900000, 0x0000000100000000)
  eden space 291840K, 100% used [0x00000000e0000000,0x00000000f1d00000,0x00000000f1d00000)
  from space 34304K, 0% used [0x00000000f3d00000,0x00000000f3d00000,0x00000000f5e80000)
  to   space 32768K, 0% used [0x00000000f1d00000,0x00000000f1d00000,0x00000000f3d00000)
 ParOldGen       total 203264K, used 56955K [0x00000000a0000000, 0x00000000ac680000, 0x00000000e0000000)
  object space 203264K, 28% used [0x00000000a0000000,0x00000000a379eff8,0x00000000ac680000)
 Metaspace       used 107305K, capacity 112032K, committed 112384K, reserved 1146880K
  class space    used 14032K, capacity 15003K, committed 15104K, reserved 1048576K
Event: 207.117 GC heap after
Heap after GC invocations=21 (full 4):
 PSYoungGen      total 324608K, used 26356K [0x00000000e0000000, 0x00000000f9c00000, 0x0000000100000000)
  eden space 291840K, 0% used [0x00000000e0000000,0x00000000e0000000,0x00000000f1d00000)
  from space 32768K, 80% used [0x00000000f1d00000,0x00000000f36bd210,0x00000000f3d00000)
  to   space 35328K, 0% used [0x00000000f7980000,0x00000000f7980000,0x00000000f9c00000)
 ParOldGen       total 203264K, used 56963K [0x00000000a0000000, 0x00000000ac680000, 0x00000000e0000000)
  object space 203264K, 28% used [0x00000000a0000000,0x00000000a37a0ff8,0x00000000ac680000)
 Metaspace       used 107305K, capacity 112032K, committed 112384K, reserved 1146880K
  class space    used 14032K, capacity 15003K, committed 15104K, reserved 1048576K
}
Event: 208.759 GC heap before
{Heap before GC invocations=22 (full 4):
 PSYoungGen      total 324608K, used 318196K [0x00000000e0000000, 0x00000000f9c00000, 0x0000000100000000)
  eden space 291840K, 100% used [0x00000000e0000000,0x00000000f1d00000,0x00000000f1d00000)
  from space 32768K, 80% used [0x00000000f1d00000,0x00000000f36bd210,0x00000000f3d00000)
  to   space 35328K, 0% used [0x00000000f7980000,0x00000000f7980000,0x00000000f9c00000)
 ParOldGen       total 203264K, used 56963K [0x00000000a0000000, 0x00000000ac680000, 0x00000000e0000000)
  object space 203264K, 28% used [0x00000000a0000000,0x00000000a37a0ff8,0x00000000ac680000)
 Metaspace       used 109129K, capacity 114028K, committed 114176K, reserved 1148928K
  class space    used 14261K, capacity 15283K, committed 15360K, reserved 1048576K
Event: 208.792 GC heap after
Heap after GC invocations=22 (full 4):
 PSYoungGen      total 379392K, used 35317K [0x00000000e0000000, 0x00000000fa780000, 0x0000000100000000)
  eden space 344064K, 0% used [0x00000000e0000000,0x00000000e0000000,0x00000000f5000000)
  from space 35328K, 99% used [0x00000000f7980000,0x00000000f9bfd510,0x00000000f9c00000)
  to   space 42496K, 0% used [0x00000000f5000000,0x00000000f5000000,0x00000000f7980000)
 ParOldGen       total 203264K, used 62114K [0x00000000a0000000, 0x00000000ac680000, 0x00000000e0000000)
  object space 203264K, 30% used [0x00000000a0000000,0x00000000a3ca8810,0x00000000ac680000)
 Metaspace       used 109129K, capacity 114028K, committed 114176K, reserved 1148928K
  class space    used 14261K, capacity 15283K, committed 15360K, reserved 1048576K
}
Event: 212.425 GC heap before
{Heap before GC invocations=23 (full 4):
 PSYoungGen      total 379392K, used 379381K [0x00000000e0000000, 0x00000000fa780000, 0x0000000100000000)
  eden space 344064K, 100% used [0x00000000e0000000,0x00000000f5000000,0x00000000f5000000)
  from space 35328K, 99% used [0x00000000f7980000,0x00000000f9bfd510,0x00000000f9c00000)
  to   space 42496K, 0% used [0x00000000f5000000,0x00000000f5000000,0x00000000f7980000)
 ParOldGen       total 203264K, used 62114K [0x00000000a0000000, 0x00000000ac680000, 0x00000000e0000000)
  object space 203264K, 30% used [0x00000000a0000000,0x00000000a3ca8810,0x00000000ac680000)
 Metaspace       used 112117K, capacity 117876K, committed 117888K, reserved 1150976K
  class space    used 14625K, capacity 15735K, committed 15744K, reserved 1048576K
Event: 212.468 GC heap after
Heap after GC invocations=23 (full 4):
 PSYoungGen      total 386560K, used 19292K [0x00000000e0000000, 0x00000000fda80000, 0x0000000100000000)
  eden space 344064K, 0% used [0x00000000e0000000,0x00000000e0000000,0x00000000f5000000)
  from space 42496K, 45% used [0x00000000f5000000,0x00000000f62d7300,0x00000000f7980000)
  to   space 39936K, 0% used [0x00000000fb380000,0x00000000fb380000,0x00000000fda80000)
 ParOldGen       total 203264K, used 96648K [0x00000000a0000000, 0x00000000ac680000, 0x00000000e0000000)
  object space 203264K, 47% used [0x00000000a0000000,0x00000000a5e62098,0x00000000ac680000)
 Metaspace       used 112117K, capacity 117876K, committed 117888K, reserved 1150976K
  class space    used 14625K, capacity 15735K, committed 15744K, reserved 1048576K
}
Event: 235.987 GC heap before
{Heap before GC invocations=24 (full 4):
 PSYoungGen      total 386560K, used 363356K [0x00000000e0000000, 0x00000000fda80000, 0x0000000100000000)
  eden space 344064K, 100% used [0x00000000e0000000,0x00000000f5000000,0x00000000f5000000)
  from space 42496K, 45% used [0x00000000f5000000,0x00000000f62d7300,0x00000000f7980000)
  to   space 39936K, 0% used [0x00000000fb380000,0x00000000fb380000,0x00000000fda80000)
 ParOldGen       total 203264K, used 96648K [0x00000000a0000000, 0x00000000ac680000, 0x00000000e0000000)
  object space 203264K, 47% used [0x00000000a0000000,0x00000000a5e62098,0x00000000ac680000)
 Metaspace       used 114853K, capacity 120918K, committed 121088K, reserved 1155072K
  class space    used 14910K, capacity 16088K, committed 16128K, reserved 1048576K
Event: 236.014 GC heap after
Heap after GC invocations=24 (full 4):
 PSYoungGen      total 436736K, used 35987K [0x00000000e0000000, 0x00000000fda80000, 0x0000000100000000)
  eden space 396800K, 0% used [0x00000000e0000000,0x00000000e0000000,0x00000000f8380000)
  from space 39936K, 90% used [0x00000000fb380000,0x00000000fd6a4c00,0x00000000fda80000)
  to   space 44544K, 0% used [0x00000000f8380000,0x00000000f8380000,0x00000000faf00000)
 ParOldGen       total 203264K, used 96656K [0x00000000a0000000, 0x00000000ac680000, 0x00000000e0000000)
  object space 203264K, 47% used [0x00000000a0000000,0x00000000a5e64098,0x00000000ac680000)
 Metaspace       used 114853K, capacity 120918K, committed 121088K, reserved 1155072K
  class space    used 14910K, capacity 16088K, committed 16128K, reserved 1048576K
}
Event: 298.935 GC heap before
{Heap before GC invocations=25 (full 4):
 PSYoungGen      total 436736K, used 432787K [0x00000000e0000000, 0x00000000fda80000, 0x0000000100000000)
  eden space 396800K, 100% used [0x00000000e0000000,0x00000000f8380000,0x00000000f8380000)
  from space 39936K, 90% used [0x00000000fb380000,0x00000000fd6a4c00,0x00000000fda80000)
  to   space 44544K, 0% used [0x00000000f8380000,0x00000000f8380000,0x00000000faf00000)
 ParOldGen       total 203264K, used 96656K [0x00000000a0000000, 0x00000000ac680000, 0x00000000e0000000)
  object space 203264K, 47% used [0x00000000a0000000,0x00000000a5e64098,0x00000000ac680000)
 Metaspace       used 117324K, capacity 123468K, committed 123776K, reserved 1157120K
  class space    used 15249K, capacity 16455K, committed 16512K, reserved 1048576K
Event: 298.960 GC heap after
Heap after GC invocations=25 (full 4):
 PSYoungGen      total 441344K, used 35970K [0x00000000e0000000, 0x00000000fda80000, 0x0000000100000000)
  eden space 396800K, 0% used [0x00000000e0000000,0x00000000e0000000,0x00000000f8380000)
  from space 44544K, 80% used [0x00000000f8380000,0x00000000fa6a0a50,0x00000000faf00000)
  to   space 39936K, 0% used [0x00000000fb380000,0x00000000fb380000,0x00000000fda80000)
 ParOldGen       total 203264K, used 96664K [0x00000000a0000000, 0x00000000ac680000, 0x00000000e0000000)
  object space 203264K, 47% used [0x00000000a0000000,0x00000000a5e66098,0x00000000ac680000)
 Metaspace       used 117324K, capacity 123468K, committed 123776K, reserved 1157120K
  class space    used 15249K, capacity 16455K, committed 16512K, reserved 1048576K
}

