# JRE version: OpenJDK Runtime Environment (8.0_202-b03) (build 1.8.0_202-release-1483-b03)
# Java VM: OpenJDK 64-Bit Server VM (25.202-b03 mixed mode windows-amd64 compressed oops)
Heap:
 PSYoungGen      total 100864K, used 39516K [0x00000000d6200000, 0x00000000dec00000, 0x0000000100000000)
  eden space 95744K, 35% used [0x00000000d6200000,0x00000000d839a680,0x00000000dbf80000)
  from space 5120K, 99% used [0x00000000de700000,0x00000000debfcad8,0x00000000dec00000)
  to   space 5120K, 0% used [0x00000000de200000,0x00000000de200000,0x00000000de700000)
 ParOldGen       total 62464K, used 19787K [0x0000000082600000, 0x0000000086300000, 0x00000000d6200000)
  object space 62464K, 31% used [0x0000000082600000,0x0000000083952fa8,0x0000000086300000)
 Metaspace       used 34164K, capacity 34726K, committed 35072K, reserved 1079296K
  class space    used 4324K, capacity 4492K, committed 4608K, reserved 1048576K
GC Heap History (10 events):
Event: 18.454 GC heap before
{Heap before GC invocations=1 (full 0):
 PSYoungGen      total 37888K, used 32768K [0x00000000d6200000, 0x00000000d8c00000, 0x0000000100000000)
  eden space 32768K, 100% used [0x00000000d6200000,0x00000000d8200000,0x00000000d8200000)
  from space 5120K, 0% used [0x00000000d8700000,0x00000000d8700000,0x00000000d8c00000)
  to   space 5120K, 0% used [0x00000000d8200000,0x00000000d8200000,0x00000000d8700000)
 ParOldGen       total 86016K, used 0K [0x0000000082600000, 0x0000000087a00000, 0x00000000d6200000)
  object space 86016K, 0% used [0x0000000082600000,0x0000000082600000,0x0000000087a00000)
 Metaspace       used 10004K, capacity 10224K, committed 10496K, reserved 1058816K
  class space    used 1106K, capacity 1182K, committed 1280K, reserved 1048576K
Event: 18.460 GC heap after
Heap after GC invocations=1 (full 0):
 PSYoungGen      total 37888K, used 5097K [0x00000000d6200000, 0x00000000dac00000, 0x0000000100000000)
  eden space 32768K, 0% used [0x00000000d6200000,0x00000000d6200000,0x00000000d8200000)
  from space 5120K, 99% used [0x00000000d8200000,0x00000000d86fa420,0x00000000d8700000)
  to   space 5120K, 0% used [0x00000000da700000,0x00000000da700000,0x00000000dac00000)
 ParOldGen       total 86016K, used 2684K [0x0000000082600000, 0x0000000087a00000, 0x00000000d6200000)
  object space 86016K, 3% used [0x0000000082600000,0x000000008289f3d0,0x0000000087a00000)
 Metaspace       used 10004K, capacity 10224K, committed 10496K, reserved 1058816K
  class space    used 1106K, capacity 1182K, committed 1280K, reserved 1048576K
}
Event: 18.816 GC heap before
{Heap before GC invocations=2 (full 0):
 PSYoungGen      total 37888K, used 37865K [0x00000000d6200000, 0x00000000dac00000, 0x0000000100000000)
  eden space 32768K, 100% used [0x00000000d6200000,0x00000000d8200000,0x00000000d8200000)
  from space 5120K, 99% used [0x00000000d8200000,0x00000000d86fa420,0x00000000d8700000)
  to   space 5120K, 0% used [0x00000000da700000,0x00000000da700000,0x00000000dac00000)
 ParOldGen       total 86016K, used 2684K [0x0000000082600000, 0x0000000087a00000, 0x00000000d6200000)
  object space 86016K, 3% used [0x0000000082600000,0x000000008289f3d0,0x0000000087a00000)
 Metaspace       used 15791K, capacity 16110K, committed 16384K, reserved 1062912K
  class space    used 1863K, capacity 1993K, committed 2048K, reserved 1048576K
Event: 18.826 GC heap after
Heap after GC invocations=2 (full 0):
 PSYoungGen      total 70656K, used 5114K [0x00000000d6200000, 0x00000000dac00000, 0x0000000100000000)
  eden space 65536K, 0% used [0x00000000d6200000,0x00000000d6200000,0x00000000da200000)
  from space 5120K, 99% used [0x00000000da700000,0x00000000dabfebb8,0x00000000dac00000)
  to   space 5120K, 0% used [0x00000000da200000,0x00000000da200000,0x00000000da700000)
 ParOldGen       total 86016K, used 7321K [0x0000000082600000, 0x0000000087a00000, 0x00000000d6200000)
  object space 86016K, 8% used [0x0000000082600000,0x0000000082d264a8,0x0000000087a00000)
 Metaspace       used 15791K, capacity 16110K, committed 16384K, reserved 1062912K
  class space    used 1863K, capacity 1993K, committed 2048K, reserved 1048576K
}
Event: 19.039 GC heap before
{Heap before GC invocations=3 (full 0):
 PSYoungGen      total 70656K, used 23686K [0x00000000d6200000, 0x00000000dac00000, 0x0000000100000000)
  eden space 65536K, 28% used [0x00000000d6200000,0x00000000d7422f48,0x00000000da200000)
  from space 5120K, 99% used [0x00000000da700000,0x00000000dabfebb8,0x00000000dac00000)
  to   space 5120K, 0% used [0x00000000da200000,0x00000000da200000,0x00000000da700000)
 ParOldGen       total 86016K, used 7321K [0x0000000082600000, 0x0000000087a00000, 0x00000000d6200000)
  object space 86016K, 8% used [0x0000000082600000,0x0000000082d264a8,0x0000000087a00000)
 Metaspace       used 20832K, capacity 21178K, committed 21296K, reserved 1067008K
  class space    used 2722K, capacity 2873K, committed 2944K, reserved 1048576K
Event: 19.044 GC heap after
Heap after GC invocations=3 (full 0):
 PSYoungGen      total 70656K, used 5093K [0x00000000d6200000, 0x00000000dec00000, 0x0000000100000000)
  eden space 65536K, 0% used [0x00000000d6200000,0x00000000d6200000,0x00000000da200000)
  from space 5120K, 99% used [0x00000000da200000,0x00000000da6f9658,0x00000000da700000)
  to   space 5120K, 0% used [0x00000000de700000,0x00000000de700000,0x00000000dec00000)
 ParOldGen       total 86016K, used 11270K [0x0000000082600000, 0x0000000087a00000, 0x00000000d6200000)
  object space 86016K, 13% used [0x0000000082600000,0x00000000831019a8,0x0000000087a00000)
 Metaspace       used 20832K, capacity 21178K, committed 21296K, reserved 1067008K
  class space    used 2722K, capacity 2873K, committed 2944K, reserved 1048576K
}
Event: 19.044 GC heap before
{Heap before GC invocations=4 (full 1):
 PSYoungGen      total 70656K, used 5093K [0x00000000d6200000, 0x00000000dec00000, 0x0000000100000000)
  eden space 65536K, 0% used [0x00000000d6200000,0x00000000d6200000,0x00000000da200000)
  from space 5120K, 99% used [0x00000000da200000,0x00000000da6f9658,0x00000000da700000)
  to   space 5120K, 0% used [0x00000000de700000,0x00000000de700000,0x00000000dec00000)
 ParOldGen       total 86016K, used 11270K [0x0000000082600000, 0x0000000087a00000, 0x00000000d6200000)
  object space 86016K, 13% used [0x0000000082600000,0x00000000831019a8,0x0000000087a00000)
 Metaspace       used 20832K, capacity 21178K, committed 21296K, reserved 1067008K
  class space    used 2722K, capacity 2873K, committed 2944K, reserved 1048576K
Event: 19.065 GC heap after
Heap after GC invocations=4 (full 1):
 PSYoungGen      total 70656K, used 0K [0x00000000d6200000, 0x00000000dec00000, 0x0000000100000000)
  eden space 65536K, 0% used [0x00000000d6200000,0x00000000d6200000,0x00000000da200000)
  from space 5120K, 0% used [0x00000000da200000,0x00000000da200000,0x00000000da700000)
  to   space 5120K, 0% used [0x00000000de700000,0x00000000de700000,0x00000000dec00000)
 ParOldGen       total 62464K, used 8877K [0x0000000082600000, 0x0000000086300000, 0x00000000d6200000)
  object space 62464K, 14% used [0x0000000082600000,0x0000000082eab758,0x0000000086300000)
 Metaspace       used 20832K, capacity 21178K, committed 21296K, reserved 1067008K
  class space    used 2722K, capacity 2873K, committed 2944K, reserved 1048576K
}
Event: 37.650 GC heap before
{Heap before GC invocations=5 (full 1):
 PSYoungGen      total 70656K, used 65536K [0x00000000d6200000, 0x00000000dec00000, 0x0000000100000000)
  eden space 65536K, 100% used [0x00000000d6200000,0x00000000da200000,0x00000000da200000)
  from space 5120K, 0% used [0x00000000da200000,0x00000000da200000,0x00000000da700000)
  to   space 5120K, 0% used [0x00000000de700000,0x00000000de700000,0x00000000dec00000)
 ParOldGen       total 62464K, used 8877K [0x0000000082600000, 0x0000000086300000, 0x00000000d6200000)
  object space 62464K, 14% used [0x0000000082600000,0x0000000082eab758,0x0000000086300000)
 Metaspace       used 29726K, capacity 30248K, committed 30336K, reserved 1075200K
  class space    used 3779K, capacity 3933K, committed 3968K, reserved 1048576K
Event: 37.670 GC heap after
Heap after GC invocations=5 (full 1):
 PSYoungGen      total 100864K, used 5106K [0x00000000d6200000, 0x00000000dec00000, 0x0000000100000000)
  eden space 95744K, 0% used [0x00000000d6200000,0x00000000d6200000,0x00000000dbf80000)
  from space 5120K, 99% used [0x00000000de700000,0x00000000debfcad8,0x00000000dec00000)
  to   space 5120K, 0% used [0x00000000de200000,0x00000000de200000,0x00000000de700000)
 ParOldGen       total 62464K, used 19787K [0x0000000082600000, 0x0000000086300000, 0x00000000d6200000)
  object space 62464K, 31% used [0x0000000082600000,0x0000000083952fa8,0x0000000086300000)
 Metaspace       used 29726K, capacity 30248K, committed 30336K, reserved 1075200K
  class space    used 3779K, capacity 3933K, committed 3968K, reserved 1048576K
}

