# JRE version: OpenJDK Runtime Environment (8.0_202-b03) (build 1.8.0_202-release-1483-b03)
# Java VM: OpenJDK 64-Bit Server VM (25.202-b03 mixed mode windows-amd64 compressed oops)
Heap:
 PSYoungGen      total 212480K, used 78367K [0x00000000d6200000, 0x00000000e8200000, 0x0000000100000000)
  eden space 169984K, 35% used [0x00000000d6200000,0x00000000d9d87d08,0x00000000e0800000)
  from space 42496K, 40% used [0x00000000e0800000,0x00000000e1900010,0x00000000e3180000)
  to   space 40448K, 0% used [0x00000000e5a80000,0x00000000e5a80000,0x00000000e8200000)
 ParOldGen       total 201216K, used 82816K [0x0000000082600000, 0x000000008ea80000, 0x00000000d6200000)
  object space 201216K, 41% used [0x0000000082600000,0x00000000876e0220,0x000000008ea80000)
 Metaspace       used 58888K, capacity 60488K, committed 60696K, reserved 1101824K
  class space    used 7046K, capacity 7437K, committed 7552K, reserved 1048576K
GC Heap History (10 events):
Event: 29.522 GC heap before
{Heap before GC invocations=14 (full 2):
 PSYoungGen      total 144384K, used 130038K [0x00000000d6200000, 0x00000000e2e80000, 0x0000000100000000)
  eden space 107520K, 100% used [0x00000000d6200000,0x00000000dcb00000,0x00000000dcb00000)
  from space 36864K, 61% used [0x00000000dcb00000,0x00000000de0fd970,0x00000000def00000)
  to   space 36864K, 0% used [0x00000000e0a80000,0x00000000e0a80000,0x00000000e2e80000)
 ParOldGen       total 109056K, used 66036K [0x0000000082600000, 0x0000000089080000, 0x00000000d6200000)
  object space 109056K, 60% used [0x0000000082600000,0x000000008667d2c8,0x0000000089080000)
 Metaspace       used 56910K, capacity 58118K, committed 58368K, reserved 1099776K
  class space    used 6837K, capacity 7152K, committed 7168K, reserved 1048576K
Event: 29.546 GC heap after
Heap after GC invocations=14 (full 2):
 PSYoungGen      total 169472K, used 30756K [0x00000000d6200000, 0x00000000e3400000, 0x0000000100000000)
  eden space 132608K, 0% used [0x00000000d6200000,0x00000000d6200000,0x00000000de380000)
  from space 36864K, 83% used [0x00000000e0a80000,0x00000000e2889350,0x00000000e2e80000)
  to   space 39936K, 0% used [0x00000000de380000,0x00000000de380000,0x00000000e0a80000)
 ParOldGen       total 109056K, used 66059K [0x0000000082600000, 0x0000000089080000, 0x00000000d6200000)
  object space 109056K, 60% used [0x0000000082600000,0x0000000086682d58,0x0000000089080000)
 Metaspace       used 56910K, capacity 58118K, committed 58368K, reserved 1099776K
  class space    used 6837K, capacity 7152K, committed 7168K, reserved 1048576K
}
Event: 29.926 GC heap before
{Heap before GC invocations=15 (full 2):
 PSYoungGen      total 169472K, used 68223K [0x00000000d6200000, 0x00000000e3400000, 0x0000000100000000)
  eden space 132608K, 28% used [0x00000000d6200000,0x00000000d8696c30,0x00000000de380000)
  from space 36864K, 83% used [0x00000000e0a80000,0x00000000e2889350,0x00000000e2e80000)
  to   space 39936K, 0% used [0x00000000de380000,0x00000000de380000,0x00000000e0a80000)
 ParOldGen       total 109056K, used 66059K [0x0000000082600000, 0x0000000089080000, 0x00000000d6200000)
  object space 109056K, 60% used [0x0000000082600000,0x0000000086682d58,0x0000000089080000)
 Metaspace       used 57579K, capacity 59156K, committed 59160K, reserved 1101824K
  class space    used 6914K, capacity 7293K, committed 7296K, reserved 1048576K
Event: 29.947 GC heap after
Heap after GC invocations=15 (full 2):
 PSYoungGen      total 172544K, used 31658K [0x00000000d6200000, 0x00000000e5e00000, 0x0000000100000000)
  eden space 132608K, 0% used [0x00000000d6200000,0x00000000d6200000,0x00000000de380000)
  from space 39936K, 79% used [0x00000000de380000,0x00000000e026a9a8,0x00000000e0a80000)
  to   space 42496K, 0% used [0x00000000e3480000,0x00000000e3480000,0x00000000e5e00000)
 ParOldGen       total 109056K, used 66067K [0x0000000082600000, 0x0000000089080000, 0x00000000d6200000)
  object space 109056K, 60% used [0x0000000082600000,0x0000000086684d58,0x0000000089080000)
 Metaspace       used 57579K, capacity 59156K, committed 59160K, reserved 1101824K
  class space    used 6914K, capacity 7293K, committed 7296K, reserved 1048576K
}
Event: 29.947 GC heap before
{Heap before GC invocations=16 (full 3):
 PSYoungGen      total 172544K, used 31658K [0x00000000d6200000, 0x00000000e5e00000, 0x0000000100000000)
  eden space 132608K, 0% used [0x00000000d6200000,0x00000000d6200000,0x00000000de380000)
  from space 39936K, 79% used [0x00000000de380000,0x00000000e026a9a8,0x00000000e0a80000)
  to   space 42496K, 0% used [0x00000000e3480000,0x00000000e3480000,0x00000000e5e00000)
 ParOldGen       total 109056K, used 66067K [0x0000000082600000, 0x0000000089080000, 0x00000000d6200000)
  object space 109056K, 60% used [0x0000000082600000,0x0000000086684d58,0x0000000089080000)
 Metaspace       used 57579K, capacity 59156K, committed 59160K, reserved 1101824K
  class space    used 6914K, capacity 7293K, committed 7296K, reserved 1048576K
Event: 30.162 GC heap after
Heap after GC invocations=16 (full 3):
 PSYoungGen      total 172544K, used 0K [0x00000000d6200000, 0x00000000e5e00000, 0x0000000100000000)
  eden space 132608K, 0% used [0x00000000d6200000,0x00000000d6200000,0x00000000de380000)
  from space 39936K, 0% used [0x00000000de380000,0x00000000de380000,0x00000000e0a80000)
  to   space 42496K, 0% used [0x00000000e3480000,0x00000000e3480000,0x00000000e5e00000)
 ParOldGen       total 201216K, used 82800K [0x0000000082600000, 0x000000008ea80000, 0x00000000d6200000)
  object space 201216K, 41% used [0x0000000082600000,0x00000000876dc220,0x000000008ea80000)
 Metaspace       used 57579K, capacity 59156K, committed 59160K, reserved 1101824K
  class space    used 6914K, capacity 7293K, committed 7296K, reserved 1048576K
}
Event: 31.594 GC heap before
{Heap before GC invocations=17 (full 3):
 PSYoungGen      total 172544K, used 132608K [0x00000000d6200000, 0x00000000e5e00000, 0x0000000100000000)
  eden space 132608K, 100% used [0x00000000d6200000,0x00000000de380000,0x00000000de380000)
  from space 39936K, 0% used [0x00000000de380000,0x00000000de380000,0x00000000e0a80000)
  to   space 42496K, 0% used [0x00000000e3480000,0x00000000e3480000,0x00000000e5e00000)
 ParOldGen       total 201216K, used 82800K [0x0000000082600000, 0x000000008ea80000, 0x00000000d6200000)
  object space 201216K, 41% used [0x0000000082600000,0x00000000876dc220,0x000000008ea80000)
 Metaspace       used 58388K, capacity 60016K, committed 60184K, reserved 1101824K
  class space    used 7036K, capacity 7433K, committed 7552K, reserved 1048576K
Event: 31.607 GC heap after
Heap after GC invocations=17 (full 3):
 PSYoungGen      total 209408K, used 8001K [0x00000000d6200000, 0x00000000e5b00000, 0x0000000100000000)
  eden space 169984K, 0% used [0x00000000d6200000,0x00000000d6200000,0x00000000e0800000)
  from space 39424K, 20% used [0x00000000e3480000,0x00000000e3c50490,0x00000000e5b00000)
  to   space 42496K, 0% used [0x00000000e0800000,0x00000000e0800000,0x00000000e3180000)
 ParOldGen       total 201216K, used 82808K [0x0000000082600000, 0x000000008ea80000, 0x00000000d6200000)
  object space 201216K, 41% used [0x0000000082600000,0x00000000876de220,0x000000008ea80000)
 Metaspace       used 58388K, capacity 60016K, committed 60184K, reserved 1101824K
  class space    used 7036K, capacity 7433K, committed 7552K, reserved 1048576K
}
Event: 33.198 GC heap before
{Heap before GC invocations=18 (full 3):
 PSYoungGen      total 209408K, used 177985K [0x00000000d6200000, 0x00000000e5b00000, 0x0000000100000000)
  eden space 169984K, 100% used [0x00000000d6200000,0x00000000e0800000,0x00000000e0800000)
  from space 39424K, 20% used [0x00000000e3480000,0x00000000e3c50490,0x00000000e5b00000)
  to   space 42496K, 0% used [0x00000000e0800000,0x00000000e0800000,0x00000000e3180000)
 ParOldGen       total 201216K, used 82808K [0x0000000082600000, 0x000000008ea80000, 0x00000000d6200000)
  object space 201216K, 41% used [0x0000000082600000,0x00000000876de220,0x000000008ea80000)
 Metaspace       used 58799K, capacity 60424K, committed 60696K, reserved 1101824K
  class space    used 7046K, capacity 7437K, committed 7552K, reserved 1048576K
Event: 33.215 GC heap after
Heap after GC invocations=18 (full 3):
 PSYoungGen      total 212480K, used 17408K [0x00000000d6200000, 0x00000000e8200000, 0x0000000100000000)
  eden space 169984K, 0% used [0x00000000d6200000,0x00000000d6200000,0x00000000e0800000)
  from space 42496K, 40% used [0x00000000e0800000,0x00000000e1900010,0x00000000e3180000)
  to   space 40448K, 0% used [0x00000000e5a80000,0x00000000e5a80000,0x00000000e8200000)
 ParOldGen       total 201216K, used 82816K [0x0000000082600000, 0x000000008ea80000, 0x00000000d6200000)
  object space 201216K, 41% used [0x0000000082600000,0x00000000876e0220,0x000000008ea80000)
 Metaspace       used 58799K, capacity 60424K, committed 60696K, reserved 1101824K
  class space    used 7046K, capacity 7437K, committed 7552K, reserved 1048576K
}

