# JRE version: OpenJDK Runtime Environment (8.0_202-b03) (build 1.8.0_202-release-1483-b03)
# Java VM: OpenJDK 64-Bit Server VM (25.202-b03 mixed mode windows-amd64 compressed oops)
Heap:
 PSYoungGen      total 242176K, used 19738K [0x00000000d6200000, 0x00000000eb080000, 0x0000000100000000)
  eden space 194560K, 10% used [0x00000000d6200000,0x00000000d7546800,0x00000000e2000000)
  from space 47616K, 0% used [0x00000000e2000000,0x00000000e2000000,0x00000000e4e80000)
  to   space 50688K, 0% used [0x00000000e7f00000,0x00000000e7f00000,0x00000000eb080000)
 ParOldGen       total 112640K, used 85334K [0x0000000082600000, 0x0000000089400000, 0x00000000d6200000)
  object space 112640K, 75% used [0x0000000082600000,0x00000000879558a0,0x0000000089400000)
 Metaspace       used 57955K, capacity 59510K, committed 59800K, reserved 1101824K
  class space    used 7021K, capacity 7362K, committed 7424K, reserved 1048576K
GC Heap History (10 events):
Event: 39.537 GC heap before
{Heap before GC invocations=8 (full 2):
 PSYoungGen      total 136192K, used 131072K [0x00000000d6200000, 0x00000000e1980000, 0x0000000100000000)
  eden space 131072K, 100% used [0x00000000d6200000,0x00000000de200000,0x00000000de200000)
  from space 5120K, 0% used [0x00000000de200000,0x00000000de200000,0x00000000de700000)
  to   space 17920K, 0% used [0x00000000e0800000,0x00000000e0800000,0x00000000e1980000)
 ParOldGen       total 112640K, used 22888K [0x0000000082600000, 0x0000000089400000, 0x00000000d6200000)
  object space 112640K, 20% used [0x0000000082600000,0x0000000083c5a288,0x0000000089400000)
 Metaspace       used 46409K, capacity 47248K, committed 47360K, reserved 1091584K
  class space    used 5670K, capacity 5885K, committed 5888K, reserved 1048576K
Event: 39.560 GC heap after
Heap after GC invocations=8 (full 2):
 PSYoungGen      total 161280K, used 17913K [0x00000000d6200000, 0x00000000e4800000, 0x0000000100000000)
  eden space 143360K, 0% used [0x00000000d6200000,0x00000000d6200000,0x00000000dee00000)
  from space 17920K, 99% used [0x00000000e0800000,0x00000000e197e600,0x00000000e1980000)
  to   space 26624K, 0% used [0x00000000dee00000,0x00000000dee00000,0x00000000e0800000)
 ParOldGen       total 112640K, used 33287K [0x0000000082600000, 0x0000000089400000, 0x00000000d6200000)
  object space 112640K, 29% used [0x0000000082600000,0x0000000084681d00,0x0000000089400000)
 Metaspace       used 46409K, capacity 47248K, committed 47360K, reserved 1091584K
  class space    used 5670K, capacity 5885K, committed 5888K, reserved 1048576K
}
Event: 40.655 GC heap before
{Heap before GC invocations=9 (full 2):
 PSYoungGen      total 161280K, used 161273K [0x00000000d6200000, 0x00000000e4800000, 0x0000000100000000)
  eden space 143360K, 100% used [0x00000000d6200000,0x00000000dee00000,0x00000000dee00000)
  from space 17920K, 99% used [0x00000000e0800000,0x00000000e197e600,0x00000000e1980000)
  to   space 26624K, 0% used [0x00000000dee00000,0x00000000dee00000,0x00000000e0800000)
 ParOldGen       total 112640K, used 33287K [0x0000000082600000, 0x0000000089400000, 0x00000000d6200000)
  object space 112640K, 29% used [0x0000000082600000,0x0000000084681d00,0x0000000089400000)
 Metaspace       used 50919K, capacity 51916K, committed 52096K, reserved 1095680K
  class space    used 6173K, capacity 6445K, committed 6528K, reserved 1048576K
Event: 40.686 GC heap after
Heap after GC invocations=9 (full 2):
 PSYoungGen      total 169984K, used 26623K [0x00000000d6200000, 0x00000000e7480000, 0x0000000100000000)
  eden space 143360K, 0% used [0x00000000d6200000,0x00000000d6200000,0x00000000dee00000)
  from space 26624K, 99% used [0x00000000dee00000,0x00000000e07fff68,0x00000000e0800000)
  to   space 38912K, 0% used [0x00000000e4e80000,0x00000000e4e80000,0x00000000e7480000)
 ParOldGen       total 112640K, used 49339K [0x0000000082600000, 0x0000000089400000, 0x00000000d6200000)
  object space 112640K, 43% used [0x0000000082600000,0x000000008562ec00,0x0000000089400000)
 Metaspace       used 50919K, capacity 51916K, committed 52096K, reserved 1095680K
  class space    used 6173K, capacity 6445K, committed 6528K, reserved 1048576K
}
Event: 42.586 GC heap before
{Heap before GC invocations=10 (full 2):
 PSYoungGen      total 169984K, used 169983K [0x00000000d6200000, 0x00000000e7480000, 0x0000000100000000)
  eden space 143360K, 100% used [0x00000000d6200000,0x00000000dee00000,0x00000000dee00000)
  from space 26624K, 99% used [0x00000000dee00000,0x00000000e07fff68,0x00000000e0800000)
  to   space 38912K, 0% used [0x00000000e4e80000,0x00000000e4e80000,0x00000000e7480000)
 ParOldGen       total 112640K, used 49339K [0x0000000082600000, 0x0000000089400000, 0x00000000d6200000)
  object space 112640K, 43% used [0x0000000082600000,0x000000008562ec00,0x0000000089400000)
 Metaspace       used 55365K, capacity 56512K, committed 56704K, reserved 1099776K
  class space    used 6651K, capacity 6933K, committed 7040K, reserved 1048576K
Event: 42.624 GC heap after
Heap after GC invocations=10 (full 2):
 PSYoungGen      total 233472K, used 38892K [0x00000000d6200000, 0x00000000e8480000, 0x0000000100000000)
  eden space 194560K, 0% used [0x00000000d6200000,0x00000000d6200000,0x00000000e2000000)
  from space 38912K, 99% used [0x00000000e4e80000,0x00000000e747b138,0x00000000e7480000)
  to   space 47616K, 0% used [0x00000000e2000000,0x00000000e2000000,0x00000000e4e80000)
 ParOldGen       total 112640K, used 53444K [0x0000000082600000, 0x0000000089400000, 0x00000000d6200000)
  object space 112640K, 47% used [0x0000000082600000,0x0000000085a31350,0x0000000089400000)
 Metaspace       used 55365K, capacity 56512K, committed 56704K, reserved 1099776K
  class space    used 6651K, capacity 6933K, committed 7040K, reserved 1048576K
}
Event: 44.482 GC heap before
{Heap before GC invocations=11 (full 2):
 PSYoungGen      total 233472K, used 193890K [0x00000000d6200000, 0x00000000e8480000, 0x0000000100000000)
  eden space 194560K, 79% used [0x00000000d6200000,0x00000000df95d858,0x00000000e2000000)
  from space 38912K, 99% used [0x00000000e4e80000,0x00000000e747b138,0x00000000e7480000)
  to   space 47616K, 0% used [0x00000000e2000000,0x00000000e2000000,0x00000000e4e80000)
 ParOldGen       total 112640K, used 53444K [0x0000000082600000, 0x0000000089400000, 0x00000000d6200000)
  object space 112640K, 47% used [0x0000000082600000,0x0000000085a31350,0x0000000089400000)
 Metaspace       used 57582K, capacity 59126K, committed 59160K, reserved 1101824K
  class space    used 6913K, capacity 7262K, committed 7296K, reserved 1048576K
Event: 44.515 GC heap after
Heap after GC invocations=11 (full 2):
 PSYoungGen      total 242176K, used 36646K [0x00000000d6200000, 0x00000000eb080000, 0x0000000100000000)
  eden space 194560K, 0% used [0x00000000d6200000,0x00000000d6200000,0x00000000e2000000)
  from space 47616K, 76% used [0x00000000e2000000,0x00000000e43c9810,0x00000000e4e80000)
  to   space 50688K, 0% used [0x00000000e7f00000,0x00000000e7f00000,0x00000000eb080000)
 ParOldGen       total 112640K, used 68357K [0x0000000082600000, 0x0000000089400000, 0x00000000d6200000)
  object space 112640K, 60% used [0x0000000082600000,0x00000000868c16c0,0x0000000089400000)
 Metaspace       used 57582K, capacity 59126K, committed 59160K, reserved 1101824K
  class space    used 6913K, capacity 7262K, committed 7296K, reserved 1048576K
}
Event: 44.515 GC heap before
{Heap before GC invocations=12 (full 3):
 PSYoungGen      total 242176K, used 36646K [0x00000000d6200000, 0x00000000eb080000, 0x0000000100000000)
  eden space 194560K, 0% used [0x00000000d6200000,0x00000000d6200000,0x00000000e2000000)
  from space 47616K, 76% used [0x00000000e2000000,0x00000000e43c9810,0x00000000e4e80000)
  to   space 50688K, 0% used [0x00000000e7f00000,0x00000000e7f00000,0x00000000eb080000)
 ParOldGen       total 112640K, used 68357K [0x0000000082600000, 0x0000000089400000, 0x00000000d6200000)
  object space 112640K, 60% used [0x0000000082600000,0x00000000868c16c0,0x0000000089400000)
 Metaspace       used 57582K, capacity 59126K, committed 59160K, reserved 1101824K
  class space    used 6913K, capacity 7262K, committed 7296K, reserved 1048576K
Event: 44.726 GC heap after
Heap after GC invocations=12 (full 3):
 PSYoungGen      total 242176K, used 0K [0x00000000d6200000, 0x00000000eb080000, 0x0000000100000000)
  eden space 194560K, 0% used [0x00000000d6200000,0x00000000d6200000,0x00000000e2000000)
  from space 47616K, 0% used [0x00000000e2000000,0x00000000e2000000,0x00000000e4e80000)
  to   space 50688K, 0% used [0x00000000e7f00000,0x00000000e7f00000,0x00000000eb080000)
 ParOldGen       total 112640K, used 85334K [0x0000000082600000, 0x0000000089400000, 0x00000000d6200000)
  object space 112640K, 75% used [0x0000000082600000,0x00000000879558a0,0x0000000089400000)
 Metaspace       used 57582K, capacity 59126K, committed 59160K, reserved 1101824K
  class space    used 6913K, capacity 7262K, committed 7296K, reserved 1048576K
}

