# JRE version: OpenJDK Runtime Environment (8.0_202-b03) (build 1.8.0_202-release-1483-b03)
# Java VM: OpenJDK 64-Bit Server VM (25.202-b03 mixed mode windows-amd64 compressed oops)
Heap:
 PSYoungGen      total 147968K, used 88462K [0x00000000d6200000, 0x00000000e2200000, 0x0000000100000000)
  eden space 116736K, 49% used [0x00000000d6200000,0x00000000d99e4758,0x00000000dd400000)
  from space 31232K, 99% used [0x00000000df880000,0x00000000e16ff118,0x00000000e1700000)
  to   space 37376K, 0% used [0x00000000dd400000,0x00000000dd400000,0x00000000df880000)
 ParOldGen       total 117760K, used 53117K [0x0000000082600000, 0x0000000089900000, 0x00000000d6200000)
  object space 117760K, 45% used [0x0000000082600000,0x00000000859df448,0x0000000089900000)
 Metaspace       used 54838K, capacity 55924K, committed 56064K, reserved 1097728K
  class space    used 6581K, capacity 6851K, committed 6912K, reserved 1048576K
GC Heap History (10 events):
Event: 19.900 GC heap before
{Heap before GC invocations=8 (full 2):
 PSYoungGen      total 90112K, used 11537K [0x00000000d6200000, 0x00000000de300000, 0x0000000100000000)
  eden space 73728K, 0% used [0x00000000d6200000,0x00000000d6200000,0x00000000daa00000)
  from space 16384K, 70% used [0x00000000db980000,0x00000000dc4c4510,0x00000000dc980000)
  to   space 15872K, 0% used [0x00000000daa00000,0x00000000daa00000,0x00000000db980000)
 ParOldGen       total 61952K, used 23098K [0x0000000082600000, 0x0000000086280000, 0x00000000d6200000)
  object space 61952K, 37% used [0x0000000082600000,0x0000000083c8eac0,0x0000000086280000)
 Metaspace       used 34812K, capacity 35386K, committed 35496K, reserved 1081344K
  class space    used 4391K, capacity 4572K, committed 4608K, reserved 1048576K
Event: 19.961 GC heap after
Heap after GC invocations=8 (full 2):
 PSYoungGen      total 90112K, used 0K [0x00000000d6200000, 0x00000000de300000, 0x0000000100000000)
  eden space 73728K, 0% used [0x00000000d6200000,0x00000000d6200000,0x00000000daa00000)
  from space 16384K, 0% used [0x00000000db980000,0x00000000db980000,0x00000000dc980000)
  to   space 15872K, 0% used [0x00000000daa00000,0x00000000daa00000,0x00000000db980000)
 ParOldGen       total 117760K, used 28631K [0x0000000082600000, 0x0000000089900000, 0x00000000d6200000)
  object space 117760K, 24% used [0x0000000082600000,0x00000000841f5de8,0x0000000089900000)
 Metaspace       used 34812K, capacity 35386K, committed 35496K, reserved 1081344K
  class space    used 4391K, capacity 4572K, committed 4608K, reserved 1048576K
}
Event: 20.651 GC heap before
{Heap before GC invocations=9 (full 2):
 PSYoungGen      total 90112K, used 73728K [0x00000000d6200000, 0x00000000de300000, 0x0000000100000000)
  eden space 73728K, 100% used [0x00000000d6200000,0x00000000daa00000,0x00000000daa00000)
  from space 16384K, 0% used [0x00000000db980000,0x00000000db980000,0x00000000dc980000)
  to   space 15872K, 0% used [0x00000000daa00000,0x00000000daa00000,0x00000000db980000)
 ParOldGen       total 117760K, used 28631K [0x0000000082600000, 0x0000000089900000, 0x00000000d6200000)
  object space 117760K, 24% used [0x0000000082600000,0x00000000841f5de8,0x0000000089900000)
 Metaspace       used 40775K, capacity 41580K, committed 41984K, reserved 1085440K
  class space    used 5043K, capacity 5249K, committed 5376K, reserved 1048576K
Event: 20.661 GC heap after
Heap after GC invocations=9 (full 2):
 PSYoungGen      total 89600K, used 15492K [0x00000000d6200000, 0x00000000de800000, 0x0000000100000000)
  eden space 73728K, 0% used [0x00000000d6200000,0x00000000d6200000,0x00000000daa00000)
  from space 15872K, 97% used [0x00000000daa00000,0x00000000db921058,0x00000000db980000)
  to   space 17920K, 0% used [0x00000000dd680000,0x00000000dd680000,0x00000000de800000)
 ParOldGen       total 117760K, used 28639K [0x0000000082600000, 0x0000000089900000, 0x00000000d6200000)
  object space 117760K, 24% used [0x0000000082600000,0x00000000841f7de8,0x0000000089900000)
 Metaspace       used 40775K, capacity 41580K, committed 41984K, reserved 1085440K
  class space    used 5043K, capacity 5249K, committed 5376K, reserved 1048576K
}
Event: 21.616 GC heap before
{Heap before GC invocations=10 (full 2):
 PSYoungGen      total 89600K, used 89220K [0x00000000d6200000, 0x00000000de800000, 0x0000000100000000)
  eden space 73728K, 100% used [0x00000000d6200000,0x00000000daa00000,0x00000000daa00000)
  from space 15872K, 97% used [0x00000000daa00000,0x00000000db921058,0x00000000db980000)
  to   space 17920K, 0% used [0x00000000dd680000,0x00000000dd680000,0x00000000de800000)
 ParOldGen       total 117760K, used 28639K [0x0000000082600000, 0x0000000089900000, 0x00000000d6200000)
  object space 117760K, 24% used [0x0000000082600000,0x00000000841f7de8,0x0000000089900000)
 Metaspace       used 46612K, capacity 47496K, committed 47744K, reserved 1091584K
  class space    used 5680K, capacity 5923K, committed 6016K, reserved 1048576K
Event: 21.638 GC heap after
Heap after GC invocations=10 (full 2):
 PSYoungGen      total 114176K, used 17901K [0x00000000d6200000, 0x00000000df280000, 0x0000000100000000)
  eden space 96256K, 0% used [0x00000000d6200000,0x00000000d6200000,0x00000000dc000000)
  from space 17920K, 99% used [0x00000000dd680000,0x00000000de7fb5f8,0x00000000de800000)
  to   space 23040K, 0% used [0x00000000dc000000,0x00000000dc000000,0x00000000dd680000)
 ParOldGen       total 117760K, used 35117K [0x0000000082600000, 0x0000000089900000, 0x00000000d6200000)
  object space 117760K, 29% used [0x0000000082600000,0x000000008484b508,0x0000000089900000)
 Metaspace       used 46612K, capacity 47496K, committed 47744K, reserved 1091584K
  class space    used 5680K, capacity 5923K, committed 6016K, reserved 1048576K
}
Event: 22.264 GC heap before
{Heap before GC invocations=11 (full 2):
 PSYoungGen      total 114176K, used 114157K [0x00000000d6200000, 0x00000000df280000, 0x0000000100000000)
  eden space 96256K, 100% used [0x00000000d6200000,0x00000000dc000000,0x00000000dc000000)
  from space 17920K, 99% used [0x00000000dd680000,0x00000000de7fb5f8,0x00000000de800000)
  to   space 23040K, 0% used [0x00000000dc000000,0x00000000dc000000,0x00000000dd680000)
 ParOldGen       total 117760K, used 35117K [0x0000000082600000, 0x0000000089900000, 0x00000000d6200000)
  object space 117760K, 29% used [0x0000000082600000,0x000000008484b508,0x0000000089900000)
 Metaspace       used 49582K, capacity 50602K, committed 50688K, reserved 1093632K
  class space    used 6068K, capacity 6332K, committed 6400K, reserved 1048576K
Event: 22.293 GC heap after
Heap after GC invocations=11 (full 2):
 PSYoungGen      total 119296K, used 23027K [0x00000000d6200000, 0x00000000e1700000, 0x0000000100000000)
  eden space 96256K, 0% used [0x00000000d6200000,0x00000000d6200000,0x00000000dc000000)
  from space 23040K, 99% used [0x00000000dc000000,0x00000000dd67cf68,0x00000000dd680000)
  to   space 31232K, 0% used [0x00000000df880000,0x00000000df880000,0x00000000e1700000)
 ParOldGen       total 117760K, used 47663K [0x0000000082600000, 0x0000000089900000, 0x00000000d6200000)
  object space 117760K, 40% used [0x0000000082600000,0x000000008548be90,0x0000000089900000)
 Metaspace       used 49582K, capacity 50602K, committed 50688K, reserved 1093632K
  class space    used 6068K, capacity 6332K, committed 6400K, reserved 1048576K
}
Event: 23.630 GC heap before
{Heap before GC invocations=12 (full 2):
 PSYoungGen      total 119296K, used 119283K [0x00000000d6200000, 0x00000000e1700000, 0x0000000100000000)
  eden space 96256K, 100% used [0x00000000d6200000,0x00000000dc000000,0x00000000dc000000)
  from space 23040K, 99% used [0x00000000dc000000,0x00000000dd67cf68,0x00000000dd680000)
  to   space 31232K, 0% used [0x00000000df880000,0x00000000df880000,0x00000000e1700000)
 ParOldGen       total 117760K, used 47663K [0x0000000082600000, 0x0000000089900000, 0x00000000d6200000)
  object space 117760K, 40% used [0x0000000082600000,0x000000008548be90,0x0000000089900000)
 Metaspace       used 54275K, capacity 55384K, committed 55552K, reserved 1097728K
  class space    used 6559K, capacity 6849K, committed 6912K, reserved 1048576K
Event: 23.657 GC heap after
Heap after GC invocations=12 (full 2):
 PSYoungGen      total 147968K, used 31228K [0x00000000d6200000, 0x00000000e2200000, 0x0000000100000000)
  eden space 116736K, 0% used [0x00000000d6200000,0x00000000d6200000,0x00000000dd400000)
  from space 31232K, 99% used [0x00000000df880000,0x00000000e16ff118,0x00000000e1700000)
  to   space 37376K, 0% used [0x00000000dd400000,0x00000000dd400000,0x00000000df880000)
 ParOldGen       total 117760K, used 53117K [0x0000000082600000, 0x0000000089900000, 0x00000000d6200000)
  object space 117760K, 45% used [0x0000000082600000,0x00000000859df448,0x0000000089900000)
 Metaspace       used 54275K, capacity 55384K, committed 55552K, reserved 1097728K
  class space    used 6559K, capacity 6849K, committed 6912K, reserved 1048576K
}

