# JRE version: OpenJDK Runtime Environment (8.0_202-b03) (build 1.8.0_202-release-1483-b03)
# Java VM: OpenJDK 64-Bit Server VM (25.202-b03 mixed mode windows-amd64 compressed oops)
Heap:
 PSYoungGen      total 146432K, used 128211K [0x00000000d6200000, 0x00000000e0c80000, 0x0000000100000000)
  eden space 131072K, 86% used [0x00000000d6200000,0x00000000dd035068,0x00000000de200000)
  from space 15360K, 99% used [0x00000000dfd80000,0x00000000e0c7feb8,0x00000000e0c80000)
  to   space 5120K, 0% used [0x00000000de200000,0x00000000de200000,0x00000000de700000)
 ParOldGen       total 64000K, used 40634K [0x0000000082600000, 0x0000000086480000, 0x00000000d6200000)
  object space 64000K, 63% used [0x0000000082600000,0x0000000084dae968,0x0000000086480000)
 Metaspace       used 44478K, capacity 45170K, committed 45696K, reserved 1089536K
  class space    used 5481K, capacity 5676K, committed 5760K, reserved 1048576K
GC Heap History (10 events):
Event: 0.924 GC heap before
{Heap before GC invocations=4 (full 1):
 PSYoungGen      total 70656K, used 5117K [0x00000000d6200000, 0x00000000dec00000, 0x0000000100000000)
  eden space 65536K, 0% used [0x00000000d6200000,0x00000000d6200000,0x00000000da200000)
  from space 5120K, 99% used [0x00000000da200000,0x00000000da6ff638,0x00000000da700000)
  to   space 5120K, 0% used [0x00000000de700000,0x00000000de700000,0x00000000dec00000)
 ParOldGen       total 86016K, used 11412K [0x0000000082600000, 0x0000000087a00000, 0x00000000d6200000)
  object space 86016K, 13% used [0x0000000082600000,0x0000000083125350,0x0000000087a00000)
 Metaspace       used 20658K, capacity 21102K, committed 21296K, reserved 1069056K
  class space    used 2455K, capacity 2590K, committed 2688K, reserved 1048576K
Event: 0.947 GC heap after
Heap after GC invocations=4 (full 1):
 PSYoungGen      total 70656K, used 0K [0x00000000d6200000, 0x00000000dec00000, 0x0000000100000000)
  eden space 65536K, 0% used [0x00000000d6200000,0x00000000d6200000,0x00000000da200000)
  from space 5120K, 0% used [0x00000000da200000,0x00000000da200000,0x00000000da700000)
  to   space 5120K, 0% used [0x00000000de700000,0x00000000de700000,0x00000000dec00000)
 ParOldGen       total 64000K, used 8713K [0x0000000082600000, 0x0000000086480000, 0x00000000d6200000)
  object space 64000K, 13% used [0x0000000082600000,0x0000000082e82720,0x0000000086480000)
 Metaspace       used 20658K, capacity 21102K, committed 21296K, reserved 1069056K
  class space    used 2455K, capacity 2590K, committed 2688K, reserved 1048576K
}
Event: 1.519 GC heap before
{Heap before GC invocations=5 (full 1):
 PSYoungGen      total 70656K, used 65536K [0x00000000d6200000, 0x00000000dec00000, 0x0000000100000000)
  eden space 65536K, 100% used [0x00000000d6200000,0x00000000da200000,0x00000000da200000)
  from space 5120K, 0% used [0x00000000da200000,0x00000000da200000,0x00000000da700000)
  to   space 5120K, 0% used [0x00000000de700000,0x00000000de700000,0x00000000dec00000)
 ParOldGen       total 64000K, used 8713K [0x0000000082600000, 0x0000000086480000, 0x00000000d6200000)
  object space 64000K, 13% used [0x0000000082600000,0x0000000082e82720,0x0000000086480000)
 Metaspace       used 29208K, capacity 29772K, committed 29952K, reserved 1075200K
  class space    used 3623K, capacity 3794K, committed 3840K, reserved 1048576K
Event: 1.536 GC heap after
Heap after GC invocations=5 (full 1):
 PSYoungGen      total 102912K, used 5106K [0x00000000d6200000, 0x00000000dec00000, 0x0000000100000000)
  eden space 97792K, 0% used [0x00000000d6200000,0x00000000d6200000,0x00000000dc180000)
  from space 5120K, 99% used [0x00000000de700000,0x00000000debfcb28,0x00000000dec00000)
  to   space 5120K, 0% used [0x00000000de200000,0x00000000de200000,0x00000000de700000)
 ParOldGen       total 64000K, used 19736K [0x0000000082600000, 0x0000000086480000, 0x00000000d6200000)
  object space 64000K, 30% used [0x0000000082600000,0x0000000083946100,0x0000000086480000)
 Metaspace       used 29208K, capacity 29772K, committed 29952K, reserved 1075200K
  class space    used 3623K, capacity 3794K, committed 3840K, reserved 1048576K
}
Event: 1.885 GC heap before
{Heap before GC invocations=6 (full 1):
 PSYoungGen      total 102912K, used 34849K [0x00000000d6200000, 0x00000000dec00000, 0x0000000100000000)
  eden space 97792K, 30% used [0x00000000d6200000,0x00000000d7f0b960,0x00000000dc180000)
  from space 5120K, 99% used [0x00000000de700000,0x00000000debfcb28,0x00000000dec00000)
  to   space 5120K, 0% used [0x00000000de200000,0x00000000de200000,0x00000000de700000)
 ParOldGen       total 64000K, used 19736K [0x0000000082600000, 0x0000000086480000, 0x00000000d6200000)
  object space 64000K, 30% used [0x0000000082600000,0x0000000083946100,0x0000000086480000)
 Metaspace       used 34608K, capacity 35142K, committed 35456K, reserved 1079296K
  class space    used 4438K, capacity 4618K, committed 4736K, reserved 1048576K
Event: 1.890 GC heap after
Heap after GC invocations=6 (full 1):
 PSYoungGen      total 136192K, used 5118K [0x00000000d6200000, 0x00000000e0c80000, 0x0000000100000000)
  eden space 131072K, 0% used [0x00000000d6200000,0x00000000d6200000,0x00000000de200000)
  from space 5120K, 99% used [0x00000000de200000,0x00000000de6ffb18,0x00000000de700000)
  to   space 15360K, 0% used [0x00000000dfd80000,0x00000000dfd80000,0x00000000e0c80000)
 ParOldGen       total 64000K, used 24589K [0x0000000082600000, 0x0000000086480000, 0x00000000d6200000)
  object space 64000K, 38% used [0x0000000082600000,0x0000000083e037e8,0x0000000086480000)
 Metaspace       used 34608K, capacity 35142K, committed 35456K, reserved 1079296K
  class space    used 4438K, capacity 4618K, committed 4736K, reserved 1048576K
}
Event: 1.890 GC heap before
{Heap before GC invocations=7 (full 2):
 PSYoungGen      total 136192K, used 5118K [0x00000000d6200000, 0x00000000e0c80000, 0x0000000100000000)
  eden space 131072K, 0% used [0x00000000d6200000,0x00000000d6200000,0x00000000de200000)
  from space 5120K, 99% used [0x00000000de200000,0x00000000de6ffb18,0x00000000de700000)
  to   space 15360K, 0% used [0x00000000dfd80000,0x00000000dfd80000,0x00000000e0c80000)
 ParOldGen       total 64000K, used 24589K [0x0000000082600000, 0x0000000086480000, 0x00000000d6200000)
  object space 64000K, 38% used [0x0000000082600000,0x0000000083e037e8,0x0000000086480000)
 Metaspace       used 34608K, capacity 35142K, committed 35456K, reserved 1079296K
  class space    used 4438K, capacity 4618K, committed 4736K, reserved 1048576K
Event: 1.931 GC heap after
Heap after GC invocations=7 (full 2):
 PSYoungGen      total 136192K, used 0K [0x00000000d6200000, 0x00000000e0c80000, 0x0000000100000000)
  eden space 131072K, 0% used [0x00000000d6200000,0x00000000d6200000,0x00000000de200000)
  from space 5120K, 0% used [0x00000000de200000,0x00000000de200000,0x00000000de700000)
  to   space 15360K, 0% used [0x00000000dfd80000,0x00000000dfd80000,0x00000000e0c80000)
 ParOldGen       total 64000K, used 17844K [0x0000000082600000, 0x0000000086480000, 0x00000000d6200000)
  object space 64000K, 27% used [0x0000000082600000,0x000000008376d098,0x0000000086480000)
 Metaspace       used 34608K, capacity 35142K, committed 35456K, reserved 1079296K
  class space    used 4438K, capacity 4618K, committed 4736K, reserved 1048576K
}
Event: 2.596 GC heap before
{Heap before GC invocations=8 (full 2):
 PSYoungGen      total 136192K, used 131072K [0x00000000d6200000, 0x00000000e0c80000, 0x0000000100000000)
  eden space 131072K, 100% used [0x00000000d6200000,0x00000000de200000,0x00000000de200000)
  from space 5120K, 0% used [0x00000000de200000,0x00000000de200000,0x00000000de700000)
  to   space 15360K, 0% used [0x00000000dfd80000,0x00000000dfd80000,0x00000000e0c80000)
 ParOldGen       total 64000K, used 17844K [0x0000000082600000, 0x0000000086480000, 0x00000000d6200000)
  object space 64000K, 27% used [0x0000000082600000,0x000000008376d098,0x0000000086480000)
 Metaspace       used 37030K, capacity 37638K, committed 37888K, reserved 1083392K
  class space    used 4624K, capacity 4810K, committed 4864K, reserved 1048576K
Event: 2.614 GC heap after
Heap after GC invocations=8 (full 2):
 PSYoungGen      total 146432K, used 15359K [0x00000000d6200000, 0x00000000e0c80000, 0x0000000100000000)
  eden space 131072K, 0% used [0x00000000d6200000,0x00000000d6200000,0x00000000de200000)
  from space 15360K, 99% used [0x00000000dfd80000,0x00000000e0c7feb8,0x00000000e0c80000)
  to   space 5120K, 0% used [0x00000000de200000,0x00000000de200000,0x00000000de700000)
 ParOldGen       total 64000K, used 40634K [0x0000000082600000, 0x0000000086480000, 0x00000000d6200000)
  object space 64000K, 63% used [0x0000000082600000,0x0000000084dae968,0x0000000086480000)
 Metaspace       used 37030K, capacity 37638K, committed 37888K, reserved 1083392K
  class space    used 4624K, capacity 4810K, committed 4864K, reserved 1048576K
}

