# JRE version: OpenJDK Runtime Environment (8.0_202-b03) (build 1.8.0_202-release-1483-b03)
# Java VM: OpenJDK 64-Bit Server VM (25.202-b03 mixed mode windows-amd64 compressed oops)
Heap:
 PSYoungGen      total 435712K, used 220052K [0x00000000e0000000, 0x00000000ff480000, 0x0000000100000000)
  eden space 358912K, 56% used [0x00000000e0000000,0x00000000ec584988,0x00000000f5e80000)
  from space 76800K, 23% used [0x00000000f5e80000,0x00000000f6fe0a08,0x00000000fa980000)
  to   space 70144K, 0% used [0x00000000fb000000,0x00000000fb000000,0x00000000ff480000)
 ParOldGen       total 454144K, used 257512K [0x00000000a0000000, 0x00000000bbb80000, 0x00000000e0000000)
  object space 454144K, 56% used [0x00000000a0000000,0x00000000afb7a148,0x00000000bbb80000)
 Metaspace       used 200480K, capacity 210360K, committed 210764K, reserved 1234944K
  class space    used 24191K, capacity 25923K, committed 26200K, reserved 1048576K
GC Heap History (10 events):
Event: 18751.527 GC heap before
{Heap before GC invocations=87 (full 9):
 PSYoungGen      total 425984K, used 351633K [0x00000000e0000000, 0x00000000ffd80000, 0x0000000100000000)
  eden space 334848K, 100% used [0x00000000e0000000,0x00000000f4700000,0x00000000f4700000)
  from space 91136K, 18% used [0x00000000f4700000,0x00000000f57647c8,0x00000000fa000000)
  to   space 88576K, 0% used [0x00000000fa700000,0x00000000fa700000,0x00000000ffd80000)
 ParOldGen       total 390656K, used 324457K [0x00000000a0000000, 0x00000000b7d80000, 0x00000000e0000000)
  object space 390656K, 83% used [0x00000000a0000000,0x00000000b3cda660,0x00000000b7d80000)
 Metaspace       used 200105K, capacity 209878K, committed 210252K, reserved 1232896K
  class space    used 24190K, capacity 25922K, committed 26200K, reserved 1048576K
Event: 18751.563 GC heap after
Heap after GC invocations=87 (full 9):
 PSYoungGen      total 423936K, used 26129K [0x00000000e0000000, 0x00000000ff480000, 0x0000000100000000)
  eden space 344576K, 0% used [0x00000000e0000000,0x00000000e0000000,0x00000000f5080000)
  from space 79360K, 32% used [0x00000000fa700000,0x00000000fc084450,0x00000000ff480000)
  to   space 83968K, 0% used [0x00000000f5080000,0x00000000f5080000,0x00000000fa280000)
 ParOldGen       total 390656K, used 340765K [0x00000000a0000000, 0x00000000b7d80000, 0x00000000e0000000)
  object space 390656K, 87% used [0x00000000a0000000,0x00000000b4cc76b8,0x00000000b7d80000)
 Metaspace       used 200105K, capacity 209878K, committed 210252K, reserved 1232896K
  class space    used 24190K, capacity 25922K, committed 26200K, reserved 1048576K
}
Event: 18753.002 GC heap before
{Heap before GC invocations=88 (full 9):
 PSYoungGen      total 423936K, used 370705K [0x00000000e0000000, 0x00000000ff480000, 0x0000000100000000)
  eden space 344576K, 100% used [0x00000000e0000000,0x00000000f5080000,0x00000000f5080000)
  from space 79360K, 32% used [0x00000000fa700000,0x00000000fc084450,0x00000000ff480000)
  to   space 83968K, 0% used [0x00000000f5080000,0x00000000f5080000,0x00000000fa280000)
 ParOldGen       total 390656K, used 340765K [0x00000000a0000000, 0x00000000b7d80000, 0x00000000e0000000)
  object space 390656K, 87% used [0x00000000a0000000,0x00000000b4cc76b8,0x00000000b7d80000)
 Metaspace       used 200323K, capacity 210158K, committed 210508K, reserved 1232896K
  class space    used 24191K, capacity 25922K, committed 26200K, reserved 1048576K
Event: 18753.034 GC heap after
Heap after GC invocations=88 (full 9):
 PSYoungGen      total 428544K, used 17917K [0x00000000e0000000, 0x00000000fff80000, 0x0000000100000000)
  eden space 344576K, 0% used [0x00000000e0000000,0x00000000e0000000,0x00000000f5080000)
  from space 83968K, 21% used [0x00000000f5080000,0x00000000f61ff600,0x00000000fa280000)
  to   space 81408K, 0% used [0x00000000fb000000,0x00000000fb000000,0x00000000fff80000)
 ParOldGen       total 390656K, used 365175K [0x00000000a0000000, 0x00000000b7d80000, 0x00000000e0000000)
  object space 390656K, 93% used [0x00000000a0000000,0x00000000b649dc60,0x00000000b7d80000)
 Metaspace       used 200323K, capacity 210158K, committed 210508K, reserved 1232896K
  class space    used 24191K, capacity 25922K, committed 26200K, reserved 1048576K
}
Event: 18753.034 GC heap before
{Heap before GC invocations=89 (full 10):
 PSYoungGen      total 428544K, used 17917K [0x00000000e0000000, 0x00000000fff80000, 0x0000000100000000)
  eden space 344576K, 0% used [0x00000000e0000000,0x00000000e0000000,0x00000000f5080000)
  from space 83968K, 21% used [0x00000000f5080000,0x00000000f61ff600,0x00000000fa280000)
  to   space 81408K, 0% used [0x00000000fb000000,0x00000000fb000000,0x00000000fff80000)
 ParOldGen       total 390656K, used 365175K [0x00000000a0000000, 0x00000000b7d80000, 0x00000000e0000000)
  object space 390656K, 93% used [0x00000000a0000000,0x00000000b649dc60,0x00000000b7d80000)
 Metaspace       used 200323K, capacity 210158K, committed 210508K, reserved 1232896K
  class space    used 24191K, capacity 25922K, committed 26200K, reserved 1048576K
Event: 18753.550 GC heap after
Heap after GC invocations=89 (full 10):
 PSYoungGen      total 428544K, used 0K [0x00000000e0000000, 0x00000000fff80000, 0x0000000100000000)
  eden space 344576K, 0% used [0x00000000e0000000,0x00000000e0000000,0x00000000f5080000)
  from space 83968K, 0% used [0x00000000f5080000,0x00000000f5080000,0x00000000fa280000)
  to   space 81408K, 0% used [0x00000000fb000000,0x00000000fb000000,0x00000000fff80000)
 ParOldGen       total 454144K, used 240502K [0x00000000a0000000, 0x00000000bbb80000, 0x00000000e0000000)
  object space 454144K, 52% used [0x00000000a0000000,0x00000000aeadd888,0x00000000bbb80000)
 Metaspace       used 200323K, capacity 210158K, committed 210508K, reserved 1232896K
  class space    used 24191K, capacity 25922K, committed 26200K, reserved 1048576K
}
Event: 18787.212 GC heap before
{Heap before GC invocations=90 (full 10):
 PSYoungGen      total 428544K, used 344576K [0x00000000e0000000, 0x00000000fff80000, 0x0000000100000000)
  eden space 344576K, 100% used [0x00000000e0000000,0x00000000f5080000,0x00000000f5080000)
  from space 83968K, 0% used [0x00000000f5080000,0x00000000f5080000,0x00000000fa280000)
  to   space 81408K, 0% used [0x00000000fb000000,0x00000000fb000000,0x00000000fff80000)
 ParOldGen       total 454144K, used 240502K [0x00000000a0000000, 0x00000000bbb80000, 0x00000000e0000000)
  object space 454144K, 52% used [0x00000000a0000000,0x00000000aeadd888,0x00000000bbb80000)
 Metaspace       used 200477K, capacity 210356K, committed 210764K, reserved 1234944K
  class space    used 24191K, capacity 25923K, committed 26200K, reserved 1048576K
Event: 18787.230 GC heap after
Heap after GC invocations=90 (full 10):
 PSYoungGen      total 429056K, used 26997K [0x00000000e0000000, 0x00000000ff480000, 0x0000000100000000)
  eden space 358912K, 0% used [0x00000000e0000000,0x00000000e0000000,0x00000000f5e80000)
  from space 70144K, 38% used [0x00000000fb000000,0x00000000fca5d648,0x00000000ff480000)
  to   space 76800K, 0% used [0x00000000f5e80000,0x00000000f5e80000,0x00000000fa980000)
 ParOldGen       total 454144K, used 240510K [0x00000000a0000000, 0x00000000bbb80000, 0x00000000e0000000)
  object space 454144K, 52% used [0x00000000a0000000,0x00000000aeadf888,0x00000000bbb80000)
 Metaspace       used 200477K, capacity 210356K, committed 210764K, reserved 1234944K
  class space    used 24191K, capacity 25923K, committed 26200K, reserved 1048576K
}
Event: 18799.653 GC heap before
{Heap before GC invocations=91 (full 10):
 PSYoungGen      total 429056K, used 385909K [0x00000000e0000000, 0x00000000ff480000, 0x0000000100000000)
  eden space 358912K, 100% used [0x00000000e0000000,0x00000000f5e80000,0x00000000f5e80000)
  from space 70144K, 38% used [0x00000000fb000000,0x00000000fca5d648,0x00000000ff480000)
  to   space 76800K, 0% used [0x00000000f5e80000,0x00000000f5e80000,0x00000000fa980000)
 ParOldGen       total 454144K, used 240510K [0x00000000a0000000, 0x00000000bbb80000, 0x00000000e0000000)
  object space 454144K, 52% used [0x00000000a0000000,0x00000000aeadf888,0x00000000bbb80000)
 Metaspace       used 200479K, capacity 210360K, committed 210764K, reserved 1234944K
  class space    used 24191K, capacity 25923K, committed 26200K, reserved 1048576K
Event: 18799.682 GC heap after
Heap after GC invocations=91 (full 10):
 PSYoungGen      total 435712K, used 17794K [0x00000000e0000000, 0x00000000ff480000, 0x0000000100000000)
  eden space 358912K, 0% used [0x00000000e0000000,0x00000000e0000000,0x00000000f5e80000)
  from space 76800K, 23% used [0x00000000f5e80000,0x00000000f6fe0a08,0x00000000fa980000)
  to   space 70144K, 0% used [0x00000000fb000000,0x00000000fb000000,0x00000000ff480000)
 ParOldGen       total 454144K, used 257512K [0x00000000a0000000, 0x00000000bbb80000, 0x00000000e0000000)
  object space 454144K, 56% used [0x00000000a0000000,0x00000000afb7a148,0x00000000bbb80000)
 Metaspace       used 200479K, capacity 210360K, committed 210764K, reserved 1234944K
  class space    used 24191K, capacity 25923K, committed 26200K, reserved 1048576K
}

