# JRE version: OpenJDK Runtime Environment (8.0_202-b03) (build 1.8.0_202-release-1483-b03)
# Java VM: OpenJDK 64-Bit Server VM (25.202-b03 mixed mode windows-amd64 compressed oops)
Heap:
 PSYoungGen      total 93184K, used 64834K [0x00000000d6200000, 0x00000000dfe00000, 0x0000000100000000)
  eden space 77312K, 63% used [0x00000000d6200000,0x00000000d91d5180,0x00000000dad80000)
  from space 15872K, 99% used [0x00000000dad80000,0x00000000dbcfb900,0x00000000dbd00000)
  to   space 17920K, 0% used [0x00000000dec80000,0x00000000dec80000,0x00000000dfe00000)
 ParOldGen       total 98304K, used 20731K [0x0000000082600000, 0x0000000088600000, 0x00000000d6200000)
  object space 98304K, 21% used [0x0000000082600000,0x0000000083a3ec08,0x0000000088600000)
 Metaspace       used 46352K, capacity 47188K, committed 47360K, reserved 1091584K
  class space    used 5669K, capacity 5885K, committed 5888K, reserved 1048576K
GC Heap History (10 events):
Event: 25.455 GC heap before
{Heap before GC invocations=5 (full 1):
 PSYoungGen      total 37888K, used 32768K [0x00000000d6200000, 0x00000000dac00000, 0x0000000100000000)
  eden space 32768K, 100% used [0x00000000d6200000,0x00000000d8200000,0x00000000d8200000)
  from space 5120K, 0% used [0x00000000d8200000,0x00000000d8200000,0x00000000d8700000)
  to   space 5120K, 0% used [0x00000000da700000,0x00000000da700000,0x00000000dac00000)
 ParOldGen       total 61440K, used 8880K [0x0000000082600000, 0x0000000086200000, 0x00000000d6200000)
  object space 61440K, 14% used [0x0000000082600000,0x0000000082eac1a0,0x0000000086200000)
 Metaspace       used 24477K, capacity 25028K, committed 25216K, reserved 1071104K
  class space    used 3207K, capacity 3352K, committed 3456K, reserved 1048576K
Event: 25.459 GC heap after
Heap after GC invocations=5 (full 1):
 PSYoungGen      total 54272K, used 5102K [0x00000000d6200000, 0x00000000dac00000, 0x0000000100000000)
  eden space 49152K, 0% used [0x00000000d6200000,0x00000000d6200000,0x00000000d9200000)
  from space 5120K, 99% used [0x00000000da700000,0x00000000dabfb908,0x00000000dac00000)
  to   space 5120K, 0% used [0x00000000da200000,0x00000000da200000,0x00000000da700000)
 ParOldGen       total 61440K, used 10823K [0x0000000082600000, 0x0000000086200000, 0x00000000d6200000)
  object space 61440K, 17% used [0x0000000082600000,0x0000000083091e40,0x0000000086200000)
 Metaspace       used 24477K, capacity 25028K, committed 25216K, reserved 1071104K
  class space    used 3207K, capacity 3352K, committed 3456K, reserved 1048576K
}
Event: 26.095 GC heap before
{Heap before GC invocations=6 (full 1):
 PSYoungGen      total 54272K, used 54254K [0x00000000d6200000, 0x00000000dac00000, 0x0000000100000000)
  eden space 49152K, 100% used [0x00000000d6200000,0x00000000d9200000,0x00000000d9200000)
  from space 5120K, 99% used [0x00000000da700000,0x00000000dabfb908,0x00000000dac00000)
  to   space 5120K, 0% used [0x00000000da200000,0x00000000da200000,0x00000000da700000)
 ParOldGen       total 61440K, used 10823K [0x0000000082600000, 0x0000000086200000, 0x00000000d6200000)
  object space 61440K, 17% used [0x0000000082600000,0x0000000083091e40,0x0000000086200000)
 Metaspace       used 32415K, capacity 32934K, committed 33280K, reserved 1079296K
  class space    used 4144K, capacity 4288K, committed 4352K, reserved 1048576K
Event: 26.105 GC heap after
Heap after GC invocations=6 (full 1):
 PSYoungGen      total 70656K, used 5093K [0x00000000d6200000, 0x00000000dcd00000, 0x0000000100000000)
  eden space 65536K, 0% used [0x00000000d6200000,0x00000000d6200000,0x00000000da200000)
  from space 5120K, 99% used [0x00000000da200000,0x00000000da6f95b8,0x00000000da700000)
  to   space 16384K, 0% used [0x00000000dbd00000,0x00000000dbd00000,0x00000000dcd00000)
 ParOldGen       total 61440K, used 23092K [0x0000000082600000, 0x0000000086200000, 0x00000000d6200000)
  object space 61440K, 37% used [0x0000000082600000,0x0000000083c8d260,0x0000000086200000)
 Metaspace       used 32415K, capacity 32934K, committed 33280K, reserved 1079296K
  class space    used 4144K, capacity 4288K, committed 4352K, reserved 1048576K
}
Event: 26.627 GC heap before
{Heap before GC invocations=7 (full 1):
 PSYoungGen      total 70656K, used 28048K [0x00000000d6200000, 0x00000000dcd00000, 0x0000000100000000)
  eden space 65536K, 35% used [0x00000000d6200000,0x00000000d786ad18,0x00000000da200000)
  from space 5120K, 99% used [0x00000000da200000,0x00000000da6f95b8,0x00000000da700000)
  to   space 16384K, 0% used [0x00000000dbd00000,0x00000000dbd00000,0x00000000dcd00000)
 ParOldGen       total 61440K, used 23092K [0x0000000082600000, 0x0000000086200000, 0x00000000d6200000)
  object space 61440K, 37% used [0x0000000082600000,0x0000000083c8d260,0x0000000086200000)
 Metaspace       used 34822K, capacity 35386K, committed 35496K, reserved 1081344K
  class space    used 4391K, capacity 4572K, committed 4608K, reserved 1048576K
Event: 26.634 GC heap after
Heap after GC invocations=7 (full 1):
 PSYoungGen      total 93696K, used 11480K [0x00000000d6200000, 0x00000000de600000, 0x0000000100000000)
  eden space 77312K, 0% used [0x00000000d6200000,0x00000000d6200000,0x00000000dad80000)
  from space 16384K, 70% used [0x00000000dbd00000,0x00000000dc836310,0x00000000dcd00000)
  to   space 15872K, 0% used [0x00000000dad80000,0x00000000dad80000,0x00000000dbd00000)
 ParOldGen       total 61440K, used 23100K [0x0000000082600000, 0x0000000086200000, 0x00000000d6200000)
  object space 61440K, 37% used [0x0000000082600000,0x0000000083c8f260,0x0000000086200000)
 Metaspace       used 34822K, capacity 35386K, committed 35496K, reserved 1081344K
  class space    used 4391K, capacity 4572K, committed 4608K, reserved 1048576K
}
Event: 26.634 GC heap before
{Heap before GC invocations=8 (full 2):
 PSYoungGen      total 93696K, used 11480K [0x00000000d6200000, 0x00000000de600000, 0x0000000100000000)
  eden space 77312K, 0% used [0x00000000d6200000,0x00000000d6200000,0x00000000dad80000)
  from space 16384K, 70% used [0x00000000dbd00000,0x00000000dc836310,0x00000000dcd00000)
  to   space 15872K, 0% used [0x00000000dad80000,0x00000000dad80000,0x00000000dbd00000)
 ParOldGen       total 61440K, used 23100K [0x0000000082600000, 0x0000000086200000, 0x00000000d6200000)
  object space 61440K, 37% used [0x0000000082600000,0x0000000083c8f260,0x0000000086200000)
 Metaspace       used 34822K, capacity 35386K, committed 35496K, reserved 1081344K
  class space    used 4391K, capacity 4572K, committed 4608K, reserved 1048576K
Event: 26.679 GC heap after
Heap after GC invocations=8 (full 2):
 PSYoungGen      total 93696K, used 0K [0x00000000d6200000, 0x00000000de600000, 0x0000000100000000)
  eden space 77312K, 0% used [0x00000000d6200000,0x00000000d6200000,0x00000000dad80000)
  from space 16384K, 0% used [0x00000000dbd00000,0x00000000dbd00000,0x00000000dcd00000)
  to   space 15872K, 0% used [0x00000000dad80000,0x00000000dad80000,0x00000000dbd00000)
 ParOldGen       total 98304K, used 20511K [0x0000000082600000, 0x0000000088600000, 0x00000000d6200000)
  object space 98304K, 20% used [0x0000000082600000,0x0000000083a07dc0,0x0000000088600000)
 Metaspace       used 34822K, capacity 35386K, committed 35496K, reserved 1081344K
  class space    used 4391K, capacity 4572K, committed 4608K, reserved 1048576K
}
Event: 27.453 GC heap before
{Heap before GC invocations=9 (full 2):
 PSYoungGen      total 93696K, used 77312K [0x00000000d6200000, 0x00000000de600000, 0x0000000100000000)
  eden space 77312K, 100% used [0x00000000d6200000,0x00000000dad80000,0x00000000dad80000)
  from space 16384K, 0% used [0x00000000dbd00000,0x00000000dbd00000,0x00000000dcd00000)
  to   space 15872K, 0% used [0x00000000dad80000,0x00000000dad80000,0x00000000dbd00000)
 ParOldGen       total 98304K, used 20511K [0x0000000082600000, 0x0000000088600000, 0x00000000d6200000)
  object space 98304K, 20% used [0x0000000082600000,0x0000000083a07dc0,0x0000000088600000)
 Metaspace       used 41005K, capacity 41798K, committed 41984K, reserved 1085440K
  class space    used 5073K, capacity 5282K, committed 5376K, reserved 1048576K
Event: 27.463 GC heap after
Heap after GC invocations=9 (full 2):
 PSYoungGen      total 93184K, used 15854K [0x00000000d6200000, 0x00000000dfe00000, 0x0000000100000000)
  eden space 77312K, 0% used [0x00000000d6200000,0x00000000d6200000,0x00000000dad80000)
  from space 15872K, 99% used [0x00000000dad80000,0x00000000dbcfb900,0x00000000dbd00000)
  to   space 17920K, 0% used [0x00000000dec80000,0x00000000dec80000,0x00000000dfe00000)
 ParOldGen       total 98304K, used 20731K [0x0000000082600000, 0x0000000088600000, 0x00000000d6200000)
  object space 98304K, 21% used [0x0000000082600000,0x0000000083a3ec08,0x0000000088600000)
 Metaspace       used 41005K, capacity 41798K, committed 41984K, reserved 1085440K
  class space    used 5073K, capacity 5282K, committed 5376K, reserved 1048576K
}

